==========
/vsis3/pepper-dataset/Temp/2000/2000-01_part1.nc - t2m - 20250427T033346
/vsis3/pepper-dataset/Temp/2000/2000-01_part1.nc - rsn - 20250427T033358
/vsis3/pepper-dataset/Temp/2000/2000-01_part1.nc - sde - 20250427T033411
/vsis3/pepper-dataset/Temp/2000/2000-01_part1.nc - stl1 - 20250427T033423
/vsis3/pepper-dataset/Temp/2000/2000-01_part1.nc - stl2 - 20250427T033434
/vsis3/pepper-dataset/Temp/2000/2000-01_part1.nc - stl3 - 20250427T033447
/vsis3/pepper-dataset/Temp/2000/2000-01_part1.nc - stl4 - 20250427T033500
/vsis3/pepper-dataset/Temp/2000/2000-01_part1.nc - tsn - 20250427T033512
/vsis3/pepper-dataset/Temp/2000/2000-01_part1.nc - swvl1 - 20250427T033523
/vsis3/pepper-dataset/Temp/2000/2000-01_part1.nc - swvl2 - 20250427T033536
/vsis3/pepper-dataset/Temp/2000/2000-01_part1.nc - swvl3 - 20250427T033549
/vsis3/pepper-dataset/Temp/2000/2000-01_part1.nc - swvl4 - 20250427T033603
/vsis3/pepper-dataset/Temp/2000/2000-01_part2.nc - evabs - 20250427T033618
/vsis3/pepper-dataset/Temp/2000/2000-01_part2.nc - evavt - 20250427T033629
/vsis3/pepper-dataset/Temp/2000/2000-01_part2.nc - sp - 20250427T033641
/vsis3/pepper-dataset/Temp/2000/2000-01_part2.nc - sshf - 20250427T033653
/vsis3/pepper-dataset/Temp/2000/2000-01_part2.nc - ssrd - 20250427T033706
/vsis3/pepper-dataset/Temp/2000/2000-01_part2.nc - strd - 20250427T033718
/vsis3/pepper-dataset/Temp/2000/2000-01_part2.nc - tp - 20250427T033728
/vsis3/pepper-dataset/Temp/2000/2000-02_part1.nc - t2m - 20250427T033740
/vsis3/pepper-dataset/Temp/2000/2000-02_part1.nc - rsn - 20250427T033750
/vsis3/pepper-dataset/Temp/2000/2000-02_part1.nc - sde - 20250427T033800
/vsis3/pepper-dataset/Temp/2000/2000-02_part1.nc - stl1 - 20250427T033812
/vsis3/pepper-dataset/Temp/2000/2000-02_part1.nc - stl2 - 20250427T033823
/vsis3/pepper-dataset/Temp/2000/2000-02_part1.nc - stl3 - 20250427T033833
/vsis3/pepper-dataset/Temp/2000/2000-02_part1.nc - stl4 - 20250427T033843
/vsis3/pepper-dataset/Temp/2000/2000-02_part1.nc - tsn - 20250427T033852
/vsis3/pepper-dataset/Temp/2000/2000-02_part1.nc - swvl1 - 20250427T033903
/vsis3/pepper-dataset/Temp/2000/2000-02_part1.nc - swvl2 - 20250427T033913
/vsis3/pepper-dataset/Temp/2000/2000-02_part1.nc - swvl3 - 20250427T033924
/vsis3/pepper-dataset/Temp/2000/2000-02_part1.nc - swvl4 - 20250427T033935
/vsis3/pepper-dataset/Temp/2000/2000-02_part2.nc - evabs - 20250427T033946
/vsis3/pepper-dataset/Temp/2000/2000-02_part2.nc - evavt - 20250427T033954
/vsis3/pepper-dataset/Temp/2000/2000-02_part2.nc - sp - 20250427T034004
/vsis3/pepper-dataset/Temp/2000/2000-02_part2.nc - sshf - 20250427T034013
/vsis3/pepper-dataset/Temp/2000/2000-02_part2.nc - ssrd - 20250427T034023
/vsis3/pepper-dataset/Temp/2000/2000-02_part2.nc - strd - 20250427T034032
/vsis3/pepper-dataset/Temp/2000/2000-02_part2.nc - tp - 20250427T034042
/vsis3/pepper-dataset/Temp/2000/2000-03_part1.nc - t2m - 20250427T034054
/vsis3/pepper-dataset/Temp/2000/2000-03_part1.nc - rsn - 20250427T034105
/vsis3/pepper-dataset/Temp/2000/2000-03_part1.nc - sde - 20250427T034115
/vsis3/pepper-dataset/Temp/2000/2000-03_part1.nc - stl1 - 20250427T034126
/vsis3/pepper-dataset/Temp/2000/2000-03_part1.nc - stl2 - 20250427T034137
/vsis3/pepper-dataset/Temp/2000/2000-03_part1.nc - stl3 - 20250427T034147
/vsis3/pepper-dataset/Temp/2000/2000-03_part1.nc - stl4 - 20250427T034157
/vsis3/pepper-dataset/Temp/2000/2000-03_part1.nc - tsn - 20250427T034208
/vsis3/pepper-dataset/Temp/2000/2000-03_part1.nc - swvl1 - 20250427T034218
/vsis3/pepper-dataset/Temp/2000/2000-03_part1.nc - swvl2 - 20250427T034229
/vsis3/pepper-dataset/Temp/2000/2000-03_part1.nc - swvl3 - 20250427T034239
/vsis3/pepper-dataset/Temp/2000/2000-03_part1.nc - swvl4 - 20250427T034249
/vsis3/pepper-dataset/Temp/2000/2000-03_part2.nc - evabs - 20250427T034303
/vsis3/pepper-dataset/Temp/2000/2000-03_part2.nc - evavt - 20250427T034318
/vsis3/pepper-dataset/Temp/2000/2000-03_part2.nc - sp - 20250427T034333
/vsis3/pepper-dataset/Temp/2000/2000-03_part2.nc - sshf - 20250427T034348
/vsis3/pepper-dataset/Temp/2000/2000-03_part2.nc - ssrd - 20250427T034402
/vsis3/pepper-dataset/Temp/2000/2000-03_part2.nc - strd - 20250427T034417
/vsis3/pepper-dataset/Temp/2000/2000-03_part2.nc - tp - 20250427T034432
/vsis3/pepper-dataset/Temp/2000/2000-04_part1.nc - t2m - 20250427T034446
/vsis3/pepper-dataset/Temp/2000/2000-04_part1.nc - rsn - 20250427T034458
/vsis3/pepper-dataset/Temp/2000/2000-04_part1.nc - sde - 20250427T034511
/vsis3/pepper-dataset/Temp/2000/2000-04_part1.nc - stl1 - 20250427T034523
/vsis3/pepper-dataset/Temp/2000/2000-04_part1.nc - stl2 - 20250427T034536
/vsis3/pepper-dataset/Temp/2000/2000-04_part1.nc - stl3 - 20250427T034548
/vsis3/pepper-dataset/Temp/2000/2000-04_part1.nc - stl4 - 20250427T034601
/vsis3/pepper-dataset/Temp/2000/2000-04_part1.nc - tsn - 20250427T034614
/vsis3/pepper-dataset/Temp/2000/2000-04_part1.nc - swvl1 - 20250427T034627
/vsis3/pepper-dataset/Temp/2000/2000-04_part1.nc - swvl2 - 20250427T034639
/vsis3/pepper-dataset/Temp/2000/2000-04_part1.nc - swvl3 - 20250427T034651
/vsis3/pepper-dataset/Temp/2000/2000-04_part1.nc - swvl4 - 20250427T034702
/vsis3/pepper-dataset/Temp/2000/2000-04_part2.nc - evabs - 20250427T034716
/vsis3/pepper-dataset/Temp/2000/2000-04_part2.nc - evavt - 20250427T034728
/vsis3/pepper-dataset/Temp/2000/2000-04_part2.nc - sp - 20250427T034741
/vsis3/pepper-dataset/Temp/2000/2000-04_part2.nc - sshf - 20250427T034753
/vsis3/pepper-dataset/Temp/2000/2000-04_part2.nc - ssrd - 20250427T034805
/vsis3/pepper-dataset/Temp/2000/2000-04_part2.nc - strd - 20250427T034818
/vsis3/pepper-dataset/Temp/2000/2000-04_part2.nc - tp - 20250427T034831
/vsis3/pepper-dataset/Temp/2000/2000-05_part1.nc - t2m - 20250427T034843
/vsis3/pepper-dataset/Temp/2000/2000-05_part1.nc - rsn - 20250427T034855
/vsis3/pepper-dataset/Temp/2000/2000-05_part1.nc - sde - 20250427T034907
/vsis3/pepper-dataset/Temp/2000/2000-05_part1.nc - stl1 - 20250427T034920
/vsis3/pepper-dataset/Temp/2000/2000-05_part1.nc - stl2 - 20250427T034932
/vsis3/pepper-dataset/Temp/2000/2000-05_part1.nc - stl3 - 20250427T034946
/vsis3/pepper-dataset/Temp/2000/2000-05_part1.nc - stl4 - 20250427T034958
/vsis3/pepper-dataset/Temp/2000/2000-05_part1.nc - tsn - 20250427T035011
/vsis3/pepper-dataset/Temp/2000/2000-05_part1.nc - swvl1 - 20250427T035024
/vsis3/pepper-dataset/Temp/2000/2000-05_part1.nc - swvl2 - 20250427T035037
/vsis3/pepper-dataset/Temp/2000/2000-05_part1.nc - swvl3 - 20250427T035050
/vsis3/pepper-dataset/Temp/2000/2000-05_part1.nc - swvl4 - 20250427T035102
/vsis3/pepper-dataset/Temp/2000/2000-05_part2.nc - evabs - 20250427T035116
/vsis3/pepper-dataset/Temp/2000/2000-05_part2.nc - evavt - 20250427T035129
/vsis3/pepper-dataset/Temp/2000/2000-05_part2.nc - sp - 20250427T035141
/vsis3/pepper-dataset/Temp/2000/2000-05_part2.nc - sshf - 20250427T035154
/vsis3/pepper-dataset/Temp/2000/2000-05_part2.nc - ssrd - 20250427T035207
/vsis3/pepper-dataset/Temp/2000/2000-05_part2.nc - strd - 20250427T035220
/vsis3/pepper-dataset/Temp/2000/2000-05_part2.nc - tp - 20250427T035232
/vsis3/pepper-dataset/Temp/2000/2000-06_part1.nc - t2m - 20250427T035245
/vsis3/pepper-dataset/Temp/2000/2000-06_part1.nc - rsn - 20250427T035256
/vsis3/pepper-dataset/Temp/2000/2000-06_part1.nc - sde - 20250427T035307
/vsis3/pepper-dataset/Temp/2000/2000-06_part1.nc - stl1 - 20250427T035319
/vsis3/pepper-dataset/Temp/2000/2000-06_part1.nc - stl2 - 20250427T035331
/vsis3/pepper-dataset/Temp/2000/2000-06_part1.nc - stl3 - 20250427T035343
/vsis3/pepper-dataset/Temp/2000/2000-06_part1.nc - stl4 - 20250427T035355
/vsis3/pepper-dataset/Temp/2000/2000-06_part1.nc - tsn - 20250427T035406
/vsis3/pepper-dataset/Temp/2000/2000-06_part1.nc - swvl1 - 20250427T035417
/vsis3/pepper-dataset/Temp/2000/2000-06_part1.nc - swvl2 - 20250427T035429
/vsis3/pepper-dataset/Temp/2000/2000-06_part1.nc - swvl3 - 20250427T035440
/vsis3/pepper-dataset/Temp/2000/2000-06_part1.nc - swvl4 - 20250427T035451
/vsis3/pepper-dataset/Temp/2000/2000-06_part2.nc - evabs - 20250427T035504
/vsis3/pepper-dataset/Temp/2000/2000-06_part2.nc - evavt - 20250427T035516
/vsis3/pepper-dataset/Temp/2000/2000-06_part2.nc - sp - 20250427T035528
/vsis3/pepper-dataset/Temp/2000/2000-06_part2.nc - sshf - 20250427T035539
/vsis3/pepper-dataset/Temp/2000/2000-06_part2.nc - ssrd - 20250427T035551
/vsis3/pepper-dataset/Temp/2000/2000-06_part2.nc - strd - 20250427T035602
/vsis3/pepper-dataset/Temp/2000/2000-06_part2.nc - tp - 20250427T035613
/vsis3/pepper-dataset/Temp/2000/2000-07_part1.nc - t2m - 20250427T035626
/vsis3/pepper-dataset/Temp/2000/2000-07_part1.nc - rsn - 20250427T035637
/vsis3/pepper-dataset/Temp/2000/2000-07_part1.nc - sde - 20250427T035648
/vsis3/pepper-dataset/Temp/2000/2000-07_part1.nc - stl1 - 20250427T035700
/vsis3/pepper-dataset/Temp/2000/2000-07_part1.nc - stl2 - 20250427T035712
/vsis3/pepper-dataset/Temp/2000/2000-07_part1.nc - stl3 - 20250427T035724
/vsis3/pepper-dataset/Temp/2000/2000-07_part1.nc - stl4 - 20250427T035737
/vsis3/pepper-dataset/Temp/2000/2000-07_part1.nc - tsn - 20250427T035750
/vsis3/pepper-dataset/Temp/2000/2000-07_part1.nc - swvl1 - 20250427T035802
/vsis3/pepper-dataset/Temp/2000/2000-07_part1.nc - swvl2 - 20250427T035814
/vsis3/pepper-dataset/Temp/2000/2000-07_part1.nc - swvl3 - 20250427T035825
/vsis3/pepper-dataset/Temp/2000/2000-07_part1.nc - swvl4 - 20250427T035837
/vsis3/pepper-dataset/Temp/2000/2000-07_part2.nc - evabs - 20250427T035850
/vsis3/pepper-dataset/Temp/2000/2000-07_part2.nc - evavt - 20250427T035903
/vsis3/pepper-dataset/Temp/2000/2000-07_part2.nc - sp - 20250427T035915
/vsis3/pepper-dataset/Temp/2000/2000-07_part2.nc - sshf - 20250427T035927
/vsis3/pepper-dataset/Temp/2000/2000-07_part2.nc - ssrd - 20250427T035939
/vsis3/pepper-dataset/Temp/2000/2000-07_part2.nc - strd - 20250427T035950
/vsis3/pepper-dataset/Temp/2000/2000-07_part2.nc - tp - 20250427T040001
/vsis3/pepper-dataset/Temp/2000/2000-08_part1.nc - t2m - 20250427T040012
/vsis3/pepper-dataset/Temp/2000/2000-08_part1.nc - rsn - 20250427T040023
/vsis3/pepper-dataset/Temp/2000/2000-08_part1.nc - sde - 20250427T040035
/vsis3/pepper-dataset/Temp/2000/2000-08_part1.nc - stl1 - 20250427T040045
/vsis3/pepper-dataset/Temp/2000/2000-08_part1.nc - stl2 - 20250427T040056
/vsis3/pepper-dataset/Temp/2000/2000-08_part1.nc - stl3 - 20250427T040105
/vsis3/pepper-dataset/Temp/2000/2000-08_part1.nc - stl4 - 20250427T040117
/vsis3/pepper-dataset/Temp/2000/2000-08_part1.nc - tsn - 20250427T040128
/vsis3/pepper-dataset/Temp/2000/2000-08_part1.nc - swvl1 - 20250427T040137
/vsis3/pepper-dataset/Temp/2000/2000-08_part1.nc - swvl2 - 20250427T040146
/vsis3/pepper-dataset/Temp/2000/2000-08_part1.nc - swvl3 - 20250427T040157
/vsis3/pepper-dataset/Temp/2000/2000-08_part1.nc - swvl4 - 20250427T040207
/vsis3/pepper-dataset/Temp/2000/2000-08_part2.nc - evabs - 20250427T040218
/vsis3/pepper-dataset/Temp/2000/2000-08_part2.nc - evavt - 20250427T040235
/vsis3/pepper-dataset/Temp/2000/2000-08_part2.nc - sp - 20250427T040250
/vsis3/pepper-dataset/Temp/2000/2000-08_part2.nc - sshf - 20250427T040305
/vsis3/pepper-dataset/Temp/2000/2000-08_part2.nc - ssrd - 20250427T040318
/vsis3/pepper-dataset/Temp/2000/2000-08_part2.nc - strd - 20250427T040335
/vsis3/pepper-dataset/Temp/2000/2000-08_part2.nc - tp - 20250427T040352
/vsis3/pepper-dataset/Temp/2000/2000-09_part1.nc - t2m - 20250427T040409
/vsis3/pepper-dataset/Temp/2000/2000-09_part1.nc - rsn - 20250427T040422
/vsis3/pepper-dataset/Temp/2000/2000-09_part1.nc - sde - 20250427T040436
/vsis3/pepper-dataset/Temp/2000/2000-09_part1.nc - stl1 - 20250427T040450
/vsis3/pepper-dataset/Temp/2000/2000-09_part1.nc - stl2 - 20250427T040505
/vsis3/pepper-dataset/Temp/2000/2000-09_part1.nc - stl3 - 20250427T040517
/vsis3/pepper-dataset/Temp/2000/2000-09_part1.nc - stl4 - 20250427T040531
/vsis3/pepper-dataset/Temp/2000/2000-09_part1.nc - tsn - 20250427T040545
/vsis3/pepper-dataset/Temp/2000/2000-09_part1.nc - swvl1 - 20250427T040559
/vsis3/pepper-dataset/Temp/2000/2000-09_part1.nc - swvl2 - 20250427T040613
/vsis3/pepper-dataset/Temp/2000/2000-09_part1.nc - swvl3 - 20250427T040627
/vsis3/pepper-dataset/Temp/2000/2000-09_part1.nc - swvl4 - 20250427T040641
/vsis3/pepper-dataset/Temp/2000/2000-09_part2.nc - evabs - 20250427T040653
/vsis3/pepper-dataset/Temp/2000/2000-09_part2.nc - evavt - 20250427T040704
/vsis3/pepper-dataset/Temp/2000/2000-09_part2.nc - sp - 20250427T040716
/vsis3/pepper-dataset/Temp/2000/2000-09_part2.nc - sshf - 20250427T040727
/vsis3/pepper-dataset/Temp/2000/2000-09_part2.nc - ssrd - 20250427T040737
/vsis3/pepper-dataset/Temp/2000/2000-09_part2.nc - strd - 20250427T040749
/vsis3/pepper-dataset/Temp/2000/2000-09_part2.nc - tp - 20250427T040802
/vsis3/pepper-dataset/Temp/2000/2000-10_part1.nc - t2m - 20250427T040814
/vsis3/pepper-dataset/Temp/2000/2000-10_part1.nc - rsn - 20250427T040827
/vsis3/pepper-dataset/Temp/2000/2000-10_part1.nc - sde - 20250427T040838
/vsis3/pepper-dataset/Temp/2000/2000-10_part1.nc - stl1 - 20250427T040849
/vsis3/pepper-dataset/Temp/2000/2000-10_part1.nc - stl2 - 20250427T040859
/vsis3/pepper-dataset/Temp/2000/2000-10_part1.nc - stl3 - 20250427T040911
/vsis3/pepper-dataset/Temp/2000/2000-10_part1.nc - stl4 - 20250427T040923
/vsis3/pepper-dataset/Temp/2000/2000-10_part1.nc - tsn - 20250427T040935
/vsis3/pepper-dataset/Temp/2000/2000-10_part1.nc - swvl1 - 20250427T040945
/vsis3/pepper-dataset/Temp/2000/2000-10_part1.nc - swvl2 - 20250427T040955
/vsis3/pepper-dataset/Temp/2000/2000-10_part1.nc - swvl3 - 20250427T041006
/vsis3/pepper-dataset/Temp/2000/2000-10_part1.nc - swvl4 - 20250427T041019
/vsis3/pepper-dataset/Temp/2000/2000-10_part2.nc - evabs - 20250427T041031
/vsis3/pepper-dataset/Temp/2000/2000-10_part2.nc - evavt - 20250427T041044
/vsis3/pepper-dataset/Temp/2000/2000-10_part2.nc - sp - 20250427T041057
/vsis3/pepper-dataset/Temp/2000/2000-10_part2.nc - sshf - 20250427T041111
/vsis3/pepper-dataset/Temp/2000/2000-10_part2.nc - ssrd - 20250427T041125
/vsis3/pepper-dataset/Temp/2000/2000-10_part2.nc - strd - 20250427T041137
/vsis3/pepper-dataset/Temp/2000/2000-10_part2.nc - tp - 20250427T041151
/vsis3/pepper-dataset/Temp/2000/2000-11_part1.nc - t2m - 20250427T041206
/vsis3/pepper-dataset/Temp/2000/2000-11_part1.nc - rsn - 20250427T041219
/vsis3/pepper-dataset/Temp/2000/2000-11_part1.nc - sde - 20250427T041231
/vsis3/pepper-dataset/Temp/2000/2000-11_part1.nc - stl1 - 20250427T041243
/vsis3/pepper-dataset/Temp/2000/2000-11_part1.nc - stl2 - 20250427T041254
/vsis3/pepper-dataset/Temp/2000/2000-11_part1.nc - stl3 - 20250427T041304
/vsis3/pepper-dataset/Temp/2000/2000-11_part1.nc - stl4 - 20250427T041315
/vsis3/pepper-dataset/Temp/2000/2000-11_part1.nc - tsn - 20250427T041328
/vsis3/pepper-dataset/Temp/2000/2000-11_part1.nc - swvl1 - 20250427T041340
/vsis3/pepper-dataset/Temp/2000/2000-11_part1.nc - swvl2 - 20250427T041352
/vsis3/pepper-dataset/Temp/2000/2000-11_part1.nc - swvl3 - 20250427T041406
/vsis3/pepper-dataset/Temp/2000/2000-11_part1.nc - swvl4 - 20250427T041419
/vsis3/pepper-dataset/Temp/2000/2000-11_part2.nc - evabs - 20250427T041432
/vsis3/pepper-dataset/Temp/2000/2000-11_part2.nc - evavt - 20250427T041446
/vsis3/pepper-dataset/Temp/2000/2000-11_part2.nc - sp - 20250427T041501
/vsis3/pepper-dataset/Temp/2000/2000-11_part2.nc - sshf - 20250427T041514
/vsis3/pepper-dataset/Temp/2000/2000-11_part2.nc - ssrd - 20250427T041526
/vsis3/pepper-dataset/Temp/2000/2000-11_part2.nc - strd - 20250427T041538
/vsis3/pepper-dataset/Temp/2000/2000-11_part2.nc - tp - 20250427T041548
/vsis3/pepper-dataset/Temp/2000/2000-12_part1.nc - t2m - 20250427T041603
/vsis3/pepper-dataset/Temp/2000/2000-12_part1.nc - rsn - 20250427T041616
/vsis3/pepper-dataset/Temp/2000/2000-12_part1.nc - sde - 20250427T041630
/vsis3/pepper-dataset/Temp/2000/2000-12_part1.nc - stl1 - 20250427T041645
/vsis3/pepper-dataset/Temp/2000/2000-12_part1.nc - stl2 - 20250427T041658
/vsis3/pepper-dataset/Temp/2000/2000-12_part1.nc - stl3 - 20250427T041712
/vsis3/pepper-dataset/Temp/2000/2000-12_part1.nc - stl4 - 20250427T041725
/vsis3/pepper-dataset/Temp/2000/2000-12_part1.nc - tsn - 20250427T041739
/vsis3/pepper-dataset/Temp/2000/2000-12_part1.nc - swvl1 - 20250427T041751
/vsis3/pepper-dataset/Temp/2000/2000-12_part1.nc - swvl2 - 20250427T041802
/vsis3/pepper-dataset/Temp/2000/2000-12_part1.nc - swvl3 - 20250427T041813
/vsis3/pepper-dataset/Temp/2000/2000-12_part1.nc - swvl4 - 20250427T041825
/vsis3/pepper-dataset/Temp/2000/2000-12_part2.nc - evabs - 20250427T041839
/vsis3/pepper-dataset/Temp/2000/2000-12_part2.nc - evavt - 20250427T041852
/vsis3/pepper-dataset/Temp/2000/2000-12_part2.nc - sp - 20250427T041904
/vsis3/pepper-dataset/Temp/2000/2000-12_part2.nc - sshf - 20250427T041915
/vsis3/pepper-dataset/Temp/2000/2000-12_part2.nc - ssrd - 20250427T041926
/vsis3/pepper-dataset/Temp/2000/2000-12_part2.nc - strd - 20250427T041936
/vsis3/pepper-dataset/Temp/2000/2000-12_part2.nc - tp - 20250427T041946
