==========
/vsis3/pepper-dataset/Temp/2000/2000-01_part1.nc - t2m - 20250427T030235
/vsis3/pepper-dataset/Temp/2000/2000-01_part1.nc - rsn - 20250427T030249
/vsis3/pepper-dataset/Temp/2000/2000-01_part1.nc - sde - 20250427T030305
/vsis3/pepper-dataset/Temp/2000/2000-01_part1.nc - stl1 - 20250427T030318
/vsis3/pepper-dataset/Temp/2000/2000-01_part1.nc - stl2 - 20250427T030331
/vsis3/pepper-dataset/Temp/2000/2000-01_part1.nc - stl3 - 20250427T030344
/vsis3/pepper-dataset/Temp/2000/2000-01_part1.nc - stl4 - 20250427T030358
/vsis3/pepper-dataset/Temp/2000/2000-01_part1.nc - tsn - 20250427T030412
/vsis3/pepper-dataset/Temp/2000/2000-01_part1.nc - swvl1 - 20250427T030424
/vsis3/pepper-dataset/Temp/2000/2000-01_part1.nc - swvl2 - 20250427T030437
/vsis3/pepper-dataset/Temp/2000/2000-01_part1.nc - swvl3 - 20250427T030450
/vsis3/pepper-dataset/Temp/2000/2000-01_part1.nc - swvl4 - 20250427T030503
/vsis3/pepper-dataset/Temp/2000/2000-01_part2.nc - evabs - 20250427T030520
/vsis3/pepper-dataset/Temp/2000/2000-01_part2.nc - evavt - 20250427T030533
/vsis3/pepper-dataset/Temp/2000/2000-01_part2.nc - sp - 20250427T030546
/vsis3/pepper-dataset/Temp/2000/2000-01_part2.nc - sshf - 20250427T030559
/vsis3/pepper-dataset/Temp/2000/2000-01_part2.nc - ssrd - 20250427T030612
/vsis3/pepper-dataset/Temp/2000/2000-01_part2.nc - strd - 20250427T030627
/vsis3/pepper-dataset/Temp/2000/2000-01_part2.nc - tp - 20250427T030643
/vsis3/pepper-dataset/Temp/2000/2000-02_part1.nc - t2m - 20250427T030701
/vsis3/pepper-dataset/Temp/2000/2000-02_part1.nc - rsn - 20250427T030713
/vsis3/pepper-dataset/Temp/2000/2000-02_part1.nc - sde - 20250427T030724
/vsis3/pepper-dataset/Temp/2000/2000-02_part1.nc - stl1 - 20250427T030735
/vsis3/pepper-dataset/Temp/2000/2000-02_part1.nc - stl2 - 20250427T030748
/vsis3/pepper-dataset/Temp/2000/2000-02_part1.nc - stl3 - 20250427T030801
/vsis3/pepper-dataset/Temp/2000/2000-02_part1.nc - stl4 - 20250427T030815
/vsis3/pepper-dataset/Temp/2000/2000-02_part1.nc - tsn - 20250427T030828
/vsis3/pepper-dataset/Temp/2000/2000-02_part1.nc - swvl1 - 20250427T030840
/vsis3/pepper-dataset/Temp/2000/2000-02_part1.nc - swvl2 - 20250427T030853
/vsis3/pepper-dataset/Temp/2000/2000-02_part1.nc - swvl3 - 20250427T030907
/vsis3/pepper-dataset/Temp/2000/2000-02_part1.nc - swvl4 - 20250427T030920
/vsis3/pepper-dataset/Temp/2000/2000-02_part2.nc - evabs - 20250427T030935
/vsis3/pepper-dataset/Temp/2000/2000-02_part2.nc - evavt - 20250427T030946
/vsis3/pepper-dataset/Temp/2000/2000-02_part2.nc - sp - 20250427T030957
/vsis3/pepper-dataset/Temp/2000/2000-02_part2.nc - sshf - 20250427T031007
/vsis3/pepper-dataset/Temp/2000/2000-02_part2.nc - ssrd - 20250427T031017
/vsis3/pepper-dataset/Temp/2000/2000-02_part2.nc - strd - 20250427T031028
/vsis3/pepper-dataset/Temp/2000/2000-02_part2.nc - tp - 20250427T031041
/vsis3/pepper-dataset/Temp/2000/2000-03_part1.nc - t2m - 20250427T031055
/vsis3/pepper-dataset/Temp/2000/2000-03_part1.nc - rsn - 20250427T031107
/vsis3/pepper-dataset/Temp/2000/2000-03_part1.nc - sde - 20250427T031118
/vsis3/pepper-dataset/Temp/2000/2000-03_part1.nc - stl1 - 20250427T031130
/vsis3/pepper-dataset/Temp/2000/2000-03_part1.nc - stl2 - 20250427T031144
/vsis3/pepper-dataset/Temp/2000/2000-03_part1.nc - stl3 - 20250427T031157
/vsis3/pepper-dataset/Temp/2000/2000-03_part1.nc - stl4 - 20250427T031209
/vsis3/pepper-dataset/Temp/2000/2000-03_part1.nc - tsn - 20250427T031221
/vsis3/pepper-dataset/Temp/2000/2000-03_part1.nc - swvl1 - 20250427T031233
/vsis3/pepper-dataset/Temp/2000/2000-03_part1.nc - swvl2 - 20250427T031246
/vsis3/pepper-dataset/Temp/2000/2000-03_part1.nc - swvl3 - 20250427T031258
/vsis3/pepper-dataset/Temp/2000/2000-03_part1.nc - swvl4 - 20250427T031309
/vsis3/pepper-dataset/Temp/2000/2000-03_part2.nc - evabs - 20250427T031323
/vsis3/pepper-dataset/Temp/2000/2000-03_part2.nc - evavt - 20250427T031338
/vsis3/pepper-dataset/Temp/2000/2000-03_part2.nc - sp - 20250427T031355
/vsis3/pepper-dataset/Temp/2000/2000-03_part2.nc - sshf - 20250427T031411
/vsis3/pepper-dataset/Temp/2000/2000-03_part2.nc - ssrd - 20250427T031428
/vsis3/pepper-dataset/Temp/2000/2000-03_part2.nc - strd - 20250427T031443
/vsis3/pepper-dataset/Temp/2000/2000-03_part2.nc - tp - 20250427T031500
/vsis3/pepper-dataset/Temp/2000/2000-04_part1.nc - t2m - 20250427T031518
/vsis3/pepper-dataset/Temp/2000/2000-04_part1.nc - rsn - 20250427T031532
/vsis3/pepper-dataset/Temp/2000/2000-04_part1.nc - sde - 20250427T031547
/vsis3/pepper-dataset/Temp/2000/2000-04_part1.nc - stl1 - 20250427T031601
/vsis3/pepper-dataset/Temp/2000/2000-04_part1.nc - stl2 - 20250427T031615
/vsis3/pepper-dataset/Temp/2000/2000-04_part1.nc - stl3 - 20250427T031628
/vsis3/pepper-dataset/Temp/2000/2000-04_part1.nc - stl4 - 20250427T031642
/vsis3/pepper-dataset/Temp/2000/2000-04_part1.nc - tsn - 20250427T031657
/vsis3/pepper-dataset/Temp/2000/2000-04_part1.nc - swvl1 - 20250427T031711
/vsis3/pepper-dataset/Temp/2000/2000-04_part1.nc - swvl2 - 20250427T031725
/vsis3/pepper-dataset/Temp/2000/2000-04_part1.nc - swvl3 - 20250427T031740
/vsis3/pepper-dataset/Temp/2000/2000-04_part1.nc - swvl4 - 20250427T031752
/vsis3/pepper-dataset/Temp/2000/2000-04_part2.nc - evabs - 20250427T031808
/vsis3/pepper-dataset/Temp/2000/2000-04_part2.nc - evavt - 20250427T031821
/vsis3/pepper-dataset/Temp/2000/2000-04_part2.nc - sp - 20250427T031835
/vsis3/pepper-dataset/Temp/2000/2000-04_part2.nc - sshf - 20250427T031849
/vsis3/pepper-dataset/Temp/2000/2000-04_part2.nc - ssrd - 20250427T031903
/vsis3/pepper-dataset/Temp/2000/2000-04_part2.nc - strd - 20250427T031918
/vsis3/pepper-dataset/Temp/2000/2000-04_part2.nc - tp - 20250427T031932
/vsis3/pepper-dataset/Temp/2000/2000-05_part1.nc - t2m - 20250427T031946
/vsis3/pepper-dataset/Temp/2000/2000-05_part1.nc - rsn - 20250427T031959
/vsis3/pepper-dataset/Temp/2000/2000-05_part1.nc - sde - 20250427T032012
/vsis3/pepper-dataset/Temp/2000/2000-05_part1.nc - stl1 - 20250427T032025
/vsis3/pepper-dataset/Temp/2000/2000-05_part1.nc - stl2 - 20250427T032039
/vsis3/pepper-dataset/Temp/2000/2000-05_part1.nc - stl3 - 20250427T032054
/vsis3/pepper-dataset/Temp/2000/2000-05_part1.nc - stl4 - 20250427T032106
/vsis3/pepper-dataset/Temp/2000/2000-05_part1.nc - tsn - 20250427T032120
/vsis3/pepper-dataset/Temp/2000/2000-05_part1.nc - swvl1 - 20250427T032133
/vsis3/pepper-dataset/Temp/2000/2000-05_part1.nc - swvl2 - 20250427T032147
/vsis3/pepper-dataset/Temp/2000/2000-05_part1.nc - swvl3 - 20250427T032200
/vsis3/pepper-dataset/Temp/2000/2000-05_part1.nc - swvl4 - 20250427T032215
/vsis3/pepper-dataset/Temp/2000/2000-05_part2.nc - evabs - 20250427T032231
/vsis3/pepper-dataset/Temp/2000/2000-05_part2.nc - evavt - 20250427T032245
/vsis3/pepper-dataset/Temp/2000/2000-05_part2.nc - sp - 20250427T032259
/vsis3/pepper-dataset/Temp/2000/2000-05_part2.nc - sshf - 20250427T032313
/vsis3/pepper-dataset/Temp/2000/2000-05_part2.nc - ssrd - 20250427T032328
/vsis3/pepper-dataset/Temp/2000/2000-05_part2.nc - strd - 20250427T032341
/vsis3/pepper-dataset/Temp/2000/2000-05_part2.nc - tp - 20250427T032354
/vsis3/pepper-dataset/Temp/2000/2000-06_part1.nc - t2m - 20250427T032409
/vsis3/pepper-dataset/Temp/2000/2000-06_part1.nc - rsn - 20250427T032421
/vsis3/pepper-dataset/Temp/2000/2000-06_part1.nc - sde - 20250427T032435
/vsis3/pepper-dataset/Temp/2000/2000-06_part1.nc - stl1 - 20250427T032450
/vsis3/pepper-dataset/Temp/2000/2000-06_part1.nc - stl2 - 20250427T032502
/vsis3/pepper-dataset/Temp/2000/2000-06_part1.nc - stl3 - 20250427T032515
/vsis3/pepper-dataset/Temp/2000/2000-06_part1.nc - stl4 - 20250427T032528
/vsis3/pepper-dataset/Temp/2000/2000-06_part1.nc - tsn - 20250427T032541
/vsis3/pepper-dataset/Temp/2000/2000-06_part1.nc - swvl1 - 20250427T032554
/vsis3/pepper-dataset/Temp/2000/2000-06_part1.nc - swvl2 - 20250427T032608
/vsis3/pepper-dataset/Temp/2000/2000-06_part1.nc - swvl3 - 20250427T032621
/vsis3/pepper-dataset/Temp/2000/2000-06_part1.nc - swvl4 - 20250427T032634
/vsis3/pepper-dataset/Temp/2000/2000-06_part2.nc - evabs - 20250427T032651
/vsis3/pepper-dataset/Temp/2000/2000-06_part2.nc - evavt - 20250427T032705
/vsis3/pepper-dataset/Temp/2000/2000-06_part2.nc - sp - 20250427T032718
/vsis3/pepper-dataset/Temp/2000/2000-06_part2.nc - sshf - 20250427T032730
/vsis3/pepper-dataset/Temp/2000/2000-06_part2.nc - ssrd - 20250427T032745
/vsis3/pepper-dataset/Temp/2000/2000-06_part2.nc - strd - 20250427T032757
/vsis3/pepper-dataset/Temp/2000/2000-06_part2.nc - tp - 20250427T032810
/vsis3/pepper-dataset/Temp/2000/2000-07_part1.nc - t2m - 20250427T032824
/vsis3/pepper-dataset/Temp/2000/2000-07_part1.nc - rsn - 20250427T032837
/vsis3/pepper-dataset/Temp/2000/2000-07_part1.nc - sde - 20250427T032850
/vsis3/pepper-dataset/Temp/2000/2000-07_part1.nc - stl1 - 20250427T032903
/vsis3/pepper-dataset/Temp/2000/2000-07_part1.nc - stl2 - 20250427T032914
/vsis3/pepper-dataset/Temp/2000/2000-07_part1.nc - stl3 - 20250427T032927
/vsis3/pepper-dataset/Temp/2000/2000-07_part1.nc - stl4 - 20250427T032940
/vsis3/pepper-dataset/Temp/2000/2000-07_part1.nc - tsn - 20250427T032954
/vsis3/pepper-dataset/Temp/2000/2000-07_part1.nc - swvl1 - 20250427T033009
/vsis3/pepper-dataset/Temp/2000/2000-07_part1.nc - swvl2 - 20250427T033022
/vsis3/pepper-dataset/Temp/2000/2000-07_part1.nc - swvl3 - 20250427T033036
/vsis3/pepper-dataset/Temp/2000/2000-07_part1.nc - swvl4 - 20250427T033051
/vsis3/pepper-dataset/Temp/2000/2000-07_part2.nc - evabs - 20250427T033108
/vsis3/pepper-dataset/Temp/2000/2000-07_part2.nc - evavt - 20250427T033120
/vsis3/pepper-dataset/Temp/2000/2000-07_part2.nc - sp - 20250427T033132
/vsis3/pepper-dataset/Temp/2000/2000-07_part2.nc - sshf - 20250427T033146
/vsis3/pepper-dataset/Temp/2000/2000-07_part2.nc - ssrd - 20250427T033159
/vsis3/pepper-dataset/Temp/2000/2000-07_part2.nc - strd - 20250427T033215
/vsis3/pepper-dataset/Temp/2000/2000-07_part2.nc - tp - 20250427T033229
/vsis3/pepper-dataset/Temp/2000/2000-08_part1.nc - t2m - 20250427T033245
/vsis3/pepper-dataset/Temp/2000/2000-08_part1.nc - rsn - 20250427T033255
/vsis3/pepper-dataset/Temp/2000/2000-08_part1.nc - sde - 20250427T033304
/vsis3/pepper-dataset/Temp/2000/2000-08_part1.nc - stl1 - 20250427T033315
/vsis3/pepper-dataset/Temp/2000/2000-08_part1.nc - stl2 - 20250427T033326
/vsis3/pepper-dataset/Temp/2000/2000-08_part1.nc - stl3 - 20250427T033336
/vsis3/pepper-dataset/Temp/2000/2000-08_part1.nc - stl4 - 20250427T033346
/vsis3/pepper-dataset/Temp/2000/2000-08_part1.nc - tsn - 20250427T033357
/vsis3/pepper-dataset/Temp/2000/2000-08_part1.nc - swvl1 - 20250427T033407
/vsis3/pepper-dataset/Temp/2000/2000-08_part1.nc - swvl2 - 20250427T033418
/vsis3/pepper-dataset/Temp/2000/2000-08_part1.nc - swvl3 - 20250427T033427
/vsis3/pepper-dataset/Temp/2000/2000-08_part1.nc - swvl4 - 20250427T033436
/vsis3/pepper-dataset/Temp/2000/2000-08_part2.nc - evabs - 20250427T033447
/vsis3/pepper-dataset/Temp/2000/2000-08_part2.nc - evavt - 20250427T033507
/vsis3/pepper-dataset/Temp/2000/2000-08_part2.nc - sp - 20250427T033524
/vsis3/pepper-dataset/Temp/2000/2000-08_part2.nc - sshf - 20250427T033541
/vsis3/pepper-dataset/Temp/2000/2000-08_part2.nc - ssrd - 20250427T033559
/vsis3/pepper-dataset/Temp/2000/2000-08_part2.nc - strd - 20250427T033615
/vsis3/pepper-dataset/Temp/2000/2000-08_part2.nc - tp - 20250427T033629
/vsis3/pepper-dataset/Temp/2000/2000-09_part1.nc - t2m - 20250427T033648
/vsis3/pepper-dataset/Temp/2000/2000-09_part1.nc - rsn - 20250427T033700
/vsis3/pepper-dataset/Temp/2000/2000-09_part1.nc - sde - 20250427T033712
/vsis3/pepper-dataset/Temp/2000/2000-09_part1.nc - stl1 - 20250427T033724
/vsis3/pepper-dataset/Temp/2000/2000-09_part1.nc - stl2 - 20250427T033736
/vsis3/pepper-dataset/Temp/2000/2000-09_part1.nc - stl3 - 20250427T033748
/vsis3/pepper-dataset/Temp/2000/2000-09_part1.nc - stl4 - 20250427T033759
/vsis3/pepper-dataset/Temp/2000/2000-09_part1.nc - tsn - 20250427T033811
/vsis3/pepper-dataset/Temp/2000/2000-09_part1.nc - swvl1 - 20250427T033822
/vsis3/pepper-dataset/Temp/2000/2000-09_part1.nc - swvl2 - 20250427T033832
/vsis3/pepper-dataset/Temp/2000/2000-09_part1.nc - swvl3 - 20250427T033844
/vsis3/pepper-dataset/Temp/2000/2000-09_part1.nc - swvl4 - 20250427T033857
/vsis3/pepper-dataset/Temp/2000/2000-09_part2.nc - evabs - 20250427T033913
/vsis3/pepper-dataset/Temp/2000/2000-09_part2.nc - evavt - 20250427T033924
/vsis3/pepper-dataset/Temp/2000/2000-09_part2.nc - sp - 20250427T033936
/vsis3/pepper-dataset/Temp/2000/2000-09_part2.nc - sshf - 20250427T033947
/vsis3/pepper-dataset/Temp/2000/2000-09_part2.nc - ssrd - 20250427T033957
/vsis3/pepper-dataset/Temp/2000/2000-09_part2.nc - strd - 20250427T034008
/vsis3/pepper-dataset/Temp/2000/2000-09_part2.nc - tp - 20250427T034019
/vsis3/pepper-dataset/Temp/2000/2000-10_part1.nc - t2m - 20250427T034031
/vsis3/pepper-dataset/Temp/2000/2000-10_part1.nc - rsn - 20250427T034042
/vsis3/pepper-dataset/Temp/2000/2000-10_part1.nc - sde - 20250427T034055
/vsis3/pepper-dataset/Temp/2000/2000-10_part1.nc - stl1 - 20250427T034105
/vsis3/pepper-dataset/Temp/2000/2000-10_part1.nc - stl2 - 20250427T034116
/vsis3/pepper-dataset/Temp/2000/2000-10_part1.nc - stl3 - 20250427T034126
/vsis3/pepper-dataset/Temp/2000/2000-10_part1.nc - stl4 - 20250427T034139
/vsis3/pepper-dataset/Temp/2000/2000-10_part1.nc - tsn - 20250427T034152
/vsis3/pepper-dataset/Temp/2000/2000-10_part1.nc - swvl1 - 20250427T034203
/vsis3/pepper-dataset/Temp/2000/2000-10_part1.nc - swvl2 - 20250427T034215
/vsis3/pepper-dataset/Temp/2000/2000-10_part1.nc - swvl3 - 20250427T034223
/vsis3/pepper-dataset/Temp/2000/2000-10_part1.nc - swvl4 - 20250427T034234
/vsis3/pepper-dataset/Temp/2000/2000-10_part2.nc - evabs - 20250427T034249
/vsis3/pepper-dataset/Temp/2000/2000-10_part2.nc - evavt - 20250427T034303
/vsis3/pepper-dataset/Temp/2000/2000-10_part2.nc - sp - 20250427T034316
/vsis3/pepper-dataset/Temp/2000/2000-10_part2.nc - sshf - 20250427T034330
/vsis3/pepper-dataset/Temp/2000/2000-10_part2.nc - ssrd - 20250427T034342
/vsis3/pepper-dataset/Temp/2000/2000-10_part2.nc - strd - 20250427T034355
/vsis3/pepper-dataset/Temp/2000/2000-10_part2.nc - tp - 20250427T034407
/vsis3/pepper-dataset/Temp/2000/2000-11_part1.nc - t2m - 20250427T034421
/vsis3/pepper-dataset/Temp/2000/2000-11_part1.nc - rsn - 20250427T034432
/vsis3/pepper-dataset/Temp/2000/2000-11_part1.nc - sde - 20250427T034443
/vsis3/pepper-dataset/Temp/2000/2000-11_part1.nc - stl1 - 20250427T034455
/vsis3/pepper-dataset/Temp/2000/2000-11_part1.nc - stl2 - 20250427T034508
/vsis3/pepper-dataset/Temp/2000/2000-11_part1.nc - stl3 - 20250427T034520
/vsis3/pepper-dataset/Temp/2000/2000-11_part1.nc - stl4 - 20250427T034533
/vsis3/pepper-dataset/Temp/2000/2000-11_part1.nc - tsn - 20250427T034545
/vsis3/pepper-dataset/Temp/2000/2000-11_part1.nc - swvl1 - 20250427T034557
/vsis3/pepper-dataset/Temp/2000/2000-11_part1.nc - swvl2 - 20250427T034609
/vsis3/pepper-dataset/Temp/2000/2000-11_part1.nc - swvl3 - 20250427T034622
/vsis3/pepper-dataset/Temp/2000/2000-11_part1.nc - swvl4 - 20250427T034634
/vsis3/pepper-dataset/Temp/2000/2000-11_part2.nc - evabs - 20250427T034649
/vsis3/pepper-dataset/Temp/2000/2000-11_part2.nc - evavt - 20250427T034704
/vsis3/pepper-dataset/Temp/2000/2000-11_part2.nc - sp - 20250427T034715
/vsis3/pepper-dataset/Temp/2000/2000-11_part2.nc - sshf - 20250427T034728
/vsis3/pepper-dataset/Temp/2000/2000-11_part2.nc - ssrd - 20250427T034742
/vsis3/pepper-dataset/Temp/2000/2000-11_part2.nc - strd - 20250427T034753
/vsis3/pepper-dataset/Temp/2000/2000-11_part2.nc - tp - 20250427T034806
/vsis3/pepper-dataset/Temp/2000/2000-12_part1.nc - t2m - 20250427T034819
/vsis3/pepper-dataset/Temp/2000/2000-12_part1.nc - rsn - 20250427T034832
/vsis3/pepper-dataset/Temp/2000/2000-12_part1.nc - sde - 20250427T034844
/vsis3/pepper-dataset/Temp/2000/2000-12_part1.nc - stl1 - 20250427T034856
/vsis3/pepper-dataset/Temp/2000/2000-12_part1.nc - stl2 - 20250427T034910
/vsis3/pepper-dataset/Temp/2000/2000-12_part1.nc - stl3 - 20250427T034923
/vsis3/pepper-dataset/Temp/2000/2000-12_part1.nc - stl4 - 20250427T034936
/vsis3/pepper-dataset/Temp/2000/2000-12_part1.nc - tsn - 20250427T034949
/vsis3/pepper-dataset/Temp/2000/2000-12_part1.nc - swvl1 - 20250427T035001
/vsis3/pepper-dataset/Temp/2000/2000-12_part1.nc - swvl2 - 20250427T035015
/vsis3/pepper-dataset/Temp/2000/2000-12_part1.nc - swvl3 - 20250427T035029
/vsis3/pepper-dataset/Temp/2000/2000-12_part1.nc - swvl4 - 20250427T035043
/vsis3/pepper-dataset/Temp/2000/2000-12_part2.nc - evabs - 20250427T035059
/vsis3/pepper-dataset/Temp/2000/2000-12_part2.nc - evavt - 20250427T035107
/vsis3/pepper-dataset/Temp/2000/2000-12_part2.nc - sp - 20250427T035117
/vsis3/pepper-dataset/Temp/2000/2000-12_part2.nc - sshf - 20250427T035128
/vsis3/pepper-dataset/Temp/2000/2000-12_part2.nc - ssrd - 20250427T035139
/vsis3/pepper-dataset/Temp/2000/2000-12_part2.nc - strd - 20250427T035150
/vsis3/pepper-dataset/Temp/2000/2000-12_part2.nc - tp - 20250427T035202
