==========
==========
/vsis3/pepper-dataset/era5-unzipped/2002/2002-01_part1.nc - t2m - 20240619T193138
/vsis3/pepper-dataset/era5-unzipped/2002/2002-01_part1.nc - rsn - 20240619T193201
/vsis3/pepper-dataset/era5-unzipped/2002/2002-01_part1.nc - sde - 20240619T193223
/vsis3/pepper-dataset/era5-unzipped/2002/2002-01_part1.nc - stl1 - 20240619T193245
/vsis3/pepper-dataset/era5-unzipped/2002/2002-01_part1.nc - stl2 - 20240619T193307
/vsis3/pepper-dataset/era5-unzipped/2002/2002-01_part1.nc - stl3 - 20240619T193329
/vsis3/pepper-dataset/era5-unzipped/2002/2002-01_part1.nc - stl4 - 20240619T193350
/vsis3/pepper-dataset/era5-unzipped/2002/2002-01_part1.nc - tsn - 20240619T193413
/vsis3/pepper-dataset/era5-unzipped/2002/2002-01_part1.nc - swvl1 - 20240619T193435
/vsis3/pepper-dataset/era5-unzipped/2002/2002-01_part1.nc - swvl2 - 20240619T193456
/vsis3/pepper-dataset/era5-unzipped/2002/2002-01_part1.nc - swvl3 - 20240619T193519
/vsis3/pepper-dataset/era5-unzipped/2002/2002-01_part1.nc - swvl4 - 20240619T193540
/vsis3/pepper-dataset/era5-unzipped/2002/2002-01_part2.nc - evabs - 20240619T193605
/vsis3/pepper-dataset/era5-unzipped/2002/2002-01_part2.nc - evavt - 20240619T193628
/vsis3/pepper-dataset/era5-unzipped/2002/2002-01_part2.nc - sp - 20240619T193651
/vsis3/pepper-dataset/era5-unzipped/2002/2002-01_part2.nc - sshf - 20240619T193712
/vsis3/pepper-dataset/era5-unzipped/2002/2002-01_part2.nc - ssrd - 20240619T193735
/vsis3/pepper-dataset/era5-unzipped/2002/2002-01_part2.nc - strd - 20240619T193754
/vsis3/pepper-dataset/era5-unzipped/2002/2002-01_part2.nc - tp - 20240619T193818
/vsis3/pepper-dataset/era5-unzipped/2002/2002-02_part1.nc - t2m - 20240619T193842
/vsis3/pepper-dataset/era5-unzipped/2002/2002-02_part1.nc - rsn - 20240619T193903
/vsis3/pepper-dataset/era5-unzipped/2002/2002-02_part1.nc - sde - 20240619T193922
/vsis3/pepper-dataset/era5-unzipped/2002/2002-02_part1.nc - stl1 - 20240619T193939
/vsis3/pepper-dataset/era5-unzipped/2002/2002-02_part1.nc - stl2 - 20240619T193958
/vsis3/pepper-dataset/era5-unzipped/2002/2002-02_part1.nc - stl3 - 20240619T194015
/vsis3/pepper-dataset/era5-unzipped/2002/2002-02_part1.nc - stl4 - 20240619T194031
/vsis3/pepper-dataset/era5-unzipped/2002/2002-02_part1.nc - tsn - 20240619T194049
/vsis3/pepper-dataset/era5-unzipped/2002/2002-02_part1.nc - swvl1 - 20240619T194106
/vsis3/pepper-dataset/era5-unzipped/2002/2002-02_part1.nc - swvl2 - 20240619T194124
/vsis3/pepper-dataset/era5-unzipped/2002/2002-02_part1.nc - swvl3 - 20240619T194142
/vsis3/pepper-dataset/era5-unzipped/2002/2002-02_part1.nc - swvl4 - 20240619T194200
/vsis3/pepper-dataset/era5-unzipped/2002/2002-02_part2.nc - evabs - 20240619T194220
/vsis3/pepper-dataset/era5-unzipped/2002/2002-02_part2.nc - evavt - 20240619T194237
/vsis3/pepper-dataset/era5-unzipped/2002/2002-02_part2.nc - sp - 20240619T194257
/vsis3/pepper-dataset/era5-unzipped/2002/2002-02_part2.nc - sshf - 20240619T194316
/vsis3/pepper-dataset/era5-unzipped/2002/2002-02_part2.nc - ssrd - 20240619T194335
/vsis3/pepper-dataset/era5-unzipped/2002/2002-02_part2.nc - strd - 20240619T194356
/vsis3/pepper-dataset/era5-unzipped/2002/2002-02_part2.nc - tp - 20240619T194413
/vsis3/pepper-dataset/era5-unzipped/2002/2002-03_part1.nc - t2m - 20240619T194432
/vsis3/pepper-dataset/era5-unzipped/2002/2002-03_part1.nc - rsn - 20240619T194454
/vsis3/pepper-dataset/era5-unzipped/2002/2002-03_part1.nc - sde - 20240619T194515
/vsis3/pepper-dataset/era5-unzipped/2002/2002-03_part1.nc - stl1 - 20240619T194538
/vsis3/pepper-dataset/era5-unzipped/2002/2002-03_part1.nc - stl2 - 20240619T194559
/vsis3/pepper-dataset/era5-unzipped/2002/2002-03_part1.nc - stl3 - 20240619T194620
/vsis3/pepper-dataset/era5-unzipped/2002/2002-03_part1.nc - stl4 - 20240619T194640
/vsis3/pepper-dataset/era5-unzipped/2002/2002-03_part1.nc - tsn - 20240619T194703
/vsis3/pepper-dataset/era5-unzipped/2002/2002-03_part1.nc - swvl1 - 20240619T194725
/vsis3/pepper-dataset/era5-unzipped/2002/2002-03_part1.nc - swvl2 - 20240619T194746
/vsis3/pepper-dataset/era5-unzipped/2002/2002-03_part1.nc - swvl3 - 20240619T194807
/vsis3/pepper-dataset/era5-unzipped/2002/2002-03_part1.nc - swvl4 - 20240619T194828
/vsis3/pepper-dataset/era5-unzipped/2002/2002-03_part2.nc - evabs - 20240619T194852
/vsis3/pepper-dataset/era5-unzipped/2002/2002-03_part2.nc - evavt - 20240619T194912
/vsis3/pepper-dataset/era5-unzipped/2002/2002-03_part2.nc - sp - 20240619T194934
/vsis3/pepper-dataset/era5-unzipped/2002/2002-03_part2.nc - sshf - 20240619T194957
/vsis3/pepper-dataset/era5-unzipped/2002/2002-03_part2.nc - ssrd - 20240619T195019
/vsis3/pepper-dataset/era5-unzipped/2002/2002-03_part2.nc - strd - 20240619T195041
/vsis3/pepper-dataset/era5-unzipped/2002/2002-03_part2.nc - tp - 20240619T195104
/vsis3/pepper-dataset/era5-unzipped/2002/2002-04_part1.nc - t2m - 20240619T195129
/vsis3/pepper-dataset/era5-unzipped/2002/2002-04_part1.nc - rsn - 20240619T195149
/vsis3/pepper-dataset/era5-unzipped/2002/2002-04_part1.nc - sde - 20240619T195209
/vsis3/pepper-dataset/era5-unzipped/2002/2002-04_part1.nc - stl1 - 20240619T195229
/vsis3/pepper-dataset/era5-unzipped/2002/2002-04_part1.nc - stl2 - 20240619T195248
/vsis3/pepper-dataset/era5-unzipped/2002/2002-04_part1.nc - stl3 - 20240619T195309
/vsis3/pepper-dataset/era5-unzipped/2002/2002-04_part1.nc - stl4 - 20240619T195328
/vsis3/pepper-dataset/era5-unzipped/2002/2002-04_part1.nc - tsn - 20240619T195347
/vsis3/pepper-dataset/era5-unzipped/2002/2002-04_part1.nc - swvl1 - 20240619T195407
/vsis3/pepper-dataset/era5-unzipped/2002/2002-04_part1.nc - swvl2 - 20240619T195425
/vsis3/pepper-dataset/era5-unzipped/2002/2002-04_part1.nc - swvl3 - 20240619T195443
/vsis3/pepper-dataset/era5-unzipped/2002/2002-04_part1.nc - swvl4 - 20240619T195505
/vsis3/pepper-dataset/era5-unzipped/2002/2002-04_part2.nc - evabs - 20240619T195527
/vsis3/pepper-dataset/era5-unzipped/2002/2002-04_part2.nc - evavt - 20240619T195546
/vsis3/pepper-dataset/era5-unzipped/2002/2002-04_part2.nc - sp - 20240619T195605
/vsis3/pepper-dataset/era5-unzipped/2002/2002-04_part2.nc - sshf - 20240619T195624
/vsis3/pepper-dataset/era5-unzipped/2002/2002-04_part2.nc - ssrd - 20240619T195645
/vsis3/pepper-dataset/era5-unzipped/2002/2002-04_part2.nc - strd - 20240619T195703
/vsis3/pepper-dataset/era5-unzipped/2002/2002-04_part2.nc - tp - 20240619T195723
/vsis3/pepper-dataset/era5-unzipped/2002/2002-05_part1.nc - t2m - 20240619T195746
/vsis3/pepper-dataset/era5-unzipped/2002/2002-05_part1.nc - rsn - 20240619T195807
/vsis3/pepper-dataset/era5-unzipped/2002/2002-05_part1.nc - sde - 20240619T195826
/vsis3/pepper-dataset/era5-unzipped/2002/2002-05_part1.nc - stl1 - 20240619T195844
/vsis3/pepper-dataset/era5-unzipped/2002/2002-05_part1.nc - stl2 - 20240619T195906
/vsis3/pepper-dataset/era5-unzipped/2002/2002-05_part1.nc - stl3 - 20240619T195924
/vsis3/pepper-dataset/era5-unzipped/2002/2002-05_part1.nc - stl4 - 20240619T195944
/vsis3/pepper-dataset/era5-unzipped/2002/2002-05_part1.nc - tsn - 20240619T200004
/vsis3/pepper-dataset/era5-unzipped/2002/2002-05_part1.nc - swvl1 - 20240619T200026
/vsis3/pepper-dataset/era5-unzipped/2002/2002-05_part1.nc - swvl2 - 20240619T200049
/vsis3/pepper-dataset/era5-unzipped/2002/2002-05_part1.nc - swvl3 - 20240619T200112
/vsis3/pepper-dataset/era5-unzipped/2002/2002-05_part1.nc - swvl4 - 20240619T200134
/vsis3/pepper-dataset/era5-unzipped/2002/2002-05_part2.nc - evabs - 20240619T200157
/vsis3/pepper-dataset/era5-unzipped/2002/2002-05_part2.nc - evavt - 20240619T200220
/vsis3/pepper-dataset/era5-unzipped/2002/2002-05_part2.nc - sp - 20240619T200241
/vsis3/pepper-dataset/era5-unzipped/2002/2002-05_part2.nc - sshf - 20240619T200303
/vsis3/pepper-dataset/era5-unzipped/2002/2002-05_part2.nc - ssrd - 20240619T200325
/vsis3/pepper-dataset/era5-unzipped/2002/2002-05_part2.nc - strd - 20240619T200347
/vsis3/pepper-dataset/era5-unzipped/2002/2002-05_part2.nc - tp - 20240619T200409
/vsis3/pepper-dataset/era5-unzipped/2002/2002-06_part1.nc - t2m - 20240619T200435
/vsis3/pepper-dataset/era5-unzipped/2002/2002-06_part1.nc - rsn - 20240619T200457
/vsis3/pepper-dataset/era5-unzipped/2002/2002-06_part1.nc - sde - 20240619T200518
/vsis3/pepper-dataset/era5-unzipped/2002/2002-06_part1.nc - stl1 - 20240619T200539
/vsis3/pepper-dataset/era5-unzipped/2002/2002-06_part1.nc - stl2 - 20240619T200600
/vsis3/pepper-dataset/era5-unzipped/2002/2002-06_part1.nc - stl3 - 20240619T200624
/vsis3/pepper-dataset/era5-unzipped/2002/2002-06_part1.nc - stl4 - 20240619T200644
/vsis3/pepper-dataset/era5-unzipped/2002/2002-06_part1.nc - tsn - 20240619T200708
/vsis3/pepper-dataset/era5-unzipped/2002/2002-06_part1.nc - swvl1 - 20240619T200728
/vsis3/pepper-dataset/era5-unzipped/2002/2002-06_part1.nc - swvl2 - 20240619T200749
/vsis3/pepper-dataset/era5-unzipped/2002/2002-06_part1.nc - swvl3 - 20240619T200807
/vsis3/pepper-dataset/era5-unzipped/2002/2002-06_part1.nc - swvl4 - 20240619T200827
/vsis3/pepper-dataset/era5-unzipped/2002/2002-06_part2.nc - evabs - 20240619T200851
/vsis3/pepper-dataset/era5-unzipped/2002/2002-06_part2.nc - evavt - 20240619T200912
/vsis3/pepper-dataset/era5-unzipped/2002/2002-06_part2.nc - sp - 20240619T200933
/vsis3/pepper-dataset/era5-unzipped/2002/2002-06_part2.nc - sshf - 20240619T200952
/vsis3/pepper-dataset/era5-unzipped/2002/2002-06_part2.nc - ssrd - 20240619T201017
/vsis3/pepper-dataset/era5-unzipped/2002/2002-06_part2.nc - strd - 20240619T201040
/vsis3/pepper-dataset/era5-unzipped/2002/2002-06_part2.nc - tp - 20240619T201101
/vsis3/pepper-dataset/era5-unzipped/2002/2002-07_part1.nc - t2m - 20240619T201125
/vsis3/pepper-dataset/era5-unzipped/2002/2002-07_part1.nc - rsn - 20240619T201147
/vsis3/pepper-dataset/era5-unzipped/2002/2002-07_part1.nc - sde - 20240619T201209
/vsis3/pepper-dataset/era5-unzipped/2002/2002-07_part1.nc - stl1 - 20240619T201230
/vsis3/pepper-dataset/era5-unzipped/2002/2002-07_part1.nc - stl2 - 20240619T201250
/vsis3/pepper-dataset/era5-unzipped/2002/2002-07_part1.nc - stl3 - 20240619T201314
/vsis3/pepper-dataset/era5-unzipped/2002/2002-07_part1.nc - stl4 - 20240619T201333
/vsis3/pepper-dataset/era5-unzipped/2002/2002-07_part1.nc - tsn - 20240619T201353
/vsis3/pepper-dataset/era5-unzipped/2002/2002-07_part1.nc - swvl1 - 20240619T201417
/vsis3/pepper-dataset/era5-unzipped/2002/2002-07_part1.nc - swvl2 - 20240619T201438
/vsis3/pepper-dataset/era5-unzipped/2002/2002-07_part1.nc - swvl3 - 20240619T201458
/vsis3/pepper-dataset/era5-unzipped/2002/2002-07_part1.nc - swvl4 - 20240619T201521
/vsis3/pepper-dataset/era5-unzipped/2002/2002-07_part2.nc - evabs - 20240619T201545
/vsis3/pepper-dataset/era5-unzipped/2002/2002-07_part2.nc - evavt - 20240619T201606
/vsis3/pepper-dataset/era5-unzipped/2002/2002-07_part2.nc - sp - 20240619T201628
/vsis3/pepper-dataset/era5-unzipped/2002/2002-07_part2.nc - sshf - 20240619T201649
/vsis3/pepper-dataset/era5-unzipped/2002/2002-07_part2.nc - ssrd - 20240619T201711
/vsis3/pepper-dataset/era5-unzipped/2002/2002-07_part2.nc - strd - 20240619T201731
/vsis3/pepper-dataset/era5-unzipped/2002/2002-07_part2.nc - tp - 20240619T201752
/vsis3/pepper-dataset/era5-unzipped/2002/2002-08_part1.nc - t2m - 20240619T201815
/vsis3/pepper-dataset/era5-unzipped/2002/2002-08_part1.nc - rsn - 20240619T201838
/vsis3/pepper-dataset/era5-unzipped/2002/2002-08_part1.nc - sde - 20240619T201859
/vsis3/pepper-dataset/era5-unzipped/2002/2002-08_part1.nc - stl1 - 20240619T201920
/vsis3/pepper-dataset/era5-unzipped/2002/2002-08_part1.nc - stl2 - 20240619T201940
/vsis3/pepper-dataset/era5-unzipped/2002/2002-08_part1.nc - stl3 - 20240619T201959
/vsis3/pepper-dataset/era5-unzipped/2002/2002-08_part1.nc - stl4 - 20240619T202019
/vsis3/pepper-dataset/era5-unzipped/2002/2002-08_part1.nc - tsn - 20240619T202040
/vsis3/pepper-dataset/era5-unzipped/2002/2002-08_part1.nc - swvl1 - 20240619T202104
/vsis3/pepper-dataset/era5-unzipped/2002/2002-08_part1.nc - swvl2 - 20240619T202125
/vsis3/pepper-dataset/era5-unzipped/2002/2002-08_part1.nc - swvl3 - 20240619T202149
/vsis3/pepper-dataset/era5-unzipped/2002/2002-08_part1.nc - swvl4 - 20240619T202210
/vsis3/pepper-dataset/era5-unzipped/2002/2002-08_part2.nc - evabs - 20240619T202235
/vsis3/pepper-dataset/era5-unzipped/2002/2002-08_part2.nc - evavt - 20240619T202257
/vsis3/pepper-dataset/era5-unzipped/2002/2002-08_part2.nc - sp - 20240619T202317
/vsis3/pepper-dataset/era5-unzipped/2002/2002-08_part2.nc - sshf - 20240619T202340
/vsis3/pepper-dataset/era5-unzipped/2002/2002-08_part2.nc - ssrd - 20240619T202402
/vsis3/pepper-dataset/era5-unzipped/2002/2002-08_part2.nc - strd - 20240619T202421
/vsis3/pepper-dataset/era5-unzipped/2002/2002-08_part2.nc - tp - 20240619T202442
/vsis3/pepper-dataset/era5-unzipped/2002/2002-09_part1.nc - t2m - 20240619T202503
/vsis3/pepper-dataset/era5-unzipped/2002/2002-09_part1.nc - rsn - 20240619T202522
/vsis3/pepper-dataset/era5-unzipped/2002/2002-09_part1.nc - sde - 20240619T202543
/vsis3/pepper-dataset/era5-unzipped/2002/2002-09_part1.nc - stl1 - 20240619T202602
/vsis3/pepper-dataset/era5-unzipped/2002/2002-09_part1.nc - stl2 - 20240619T202621
/vsis3/pepper-dataset/era5-unzipped/2002/2002-09_part1.nc - stl3 - 20240619T202641
/vsis3/pepper-dataset/era5-unzipped/2002/2002-09_part1.nc - stl4 - 20240619T202659
/vsis3/pepper-dataset/era5-unzipped/2002/2002-09_part1.nc - tsn - 20240619T202721
/vsis3/pepper-dataset/era5-unzipped/2002/2002-09_part1.nc - swvl1 - 20240619T202739
/vsis3/pepper-dataset/era5-unzipped/2002/2002-09_part1.nc - swvl2 - 20240619T202759
/vsis3/pepper-dataset/era5-unzipped/2002/2002-09_part1.nc - swvl3 - 20240619T202818
/vsis3/pepper-dataset/era5-unzipped/2002/2002-09_part1.nc - swvl4 - 20240619T202836
/vsis3/pepper-dataset/era5-unzipped/2002/2002-09_part2.nc - evabs - 20240619T202857
/vsis3/pepper-dataset/era5-unzipped/2002/2002-09_part2.nc - evavt - 20240619T202917
/vsis3/pepper-dataset/era5-unzipped/2002/2002-09_part2.nc - sp - 20240619T202937
/vsis3/pepper-dataset/era5-unzipped/2002/2002-09_part2.nc - sshf - 20240619T202957
/vsis3/pepper-dataset/era5-unzipped/2002/2002-09_part2.nc - ssrd - 20240619T203018
/vsis3/pepper-dataset/era5-unzipped/2002/2002-09_part2.nc - strd - 20240619T203038
/vsis3/pepper-dataset/era5-unzipped/2002/2002-09_part2.nc - tp - 20240619T203058
/vsis3/pepper-dataset/era5-unzipped/2002/2002-10_part1.nc - t2m - 20240619T203119
/vsis3/pepper-dataset/era5-unzipped/2002/2002-10_part1.nc - rsn - 20240619T203140
/vsis3/pepper-dataset/era5-unzipped/2002/2002-10_part1.nc - sde - 20240619T203200
/vsis3/pepper-dataset/era5-unzipped/2002/2002-10_part1.nc - stl1 - 20240619T203223
/vsis3/pepper-dataset/era5-unzipped/2002/2002-10_part1.nc - stl2 - 20240619T203244
/vsis3/pepper-dataset/era5-unzipped/2002/2002-10_part1.nc - stl3 - 20240619T203305
/vsis3/pepper-dataset/era5-unzipped/2002/2002-10_part1.nc - stl4 - 20240619T203326
/vsis3/pepper-dataset/era5-unzipped/2002/2002-10_part1.nc - tsn - 20240619T203346
/vsis3/pepper-dataset/era5-unzipped/2002/2002-10_part1.nc - swvl1 - 20240619T203406
/vsis3/pepper-dataset/era5-unzipped/2002/2002-10_part1.nc - swvl2 - 20240619T203427
/vsis3/pepper-dataset/era5-unzipped/2002/2002-10_part1.nc - swvl3 - 20240619T203448
/vsis3/pepper-dataset/era5-unzipped/2002/2002-10_part1.nc - swvl4 - 20240619T203509
/vsis3/pepper-dataset/era5-unzipped/2002/2002-10_part2.nc - evabs - 20240619T203532
/vsis3/pepper-dataset/era5-unzipped/2002/2002-10_part2.nc - evavt - 20240619T203553
/vsis3/pepper-dataset/era5-unzipped/2002/2002-10_part2.nc - sp - 20240619T203613
/vsis3/pepper-dataset/era5-unzipped/2002/2002-10_part2.nc - sshf - 20240619T203634
/vsis3/pepper-dataset/era5-unzipped/2002/2002-10_part2.nc - ssrd - 20240619T203655
/vsis3/pepper-dataset/era5-unzipped/2002/2002-10_part2.nc - strd - 20240619T203715
/vsis3/pepper-dataset/era5-unzipped/2002/2002-10_part2.nc - tp - 20240619T203735
/vsis3/pepper-dataset/era5-unzipped/2002/2002-11_part1.nc - t2m - 20240619T203758
/vsis3/pepper-dataset/era5-unzipped/2002/2002-11_part1.nc - rsn - 20240619T203821
/vsis3/pepper-dataset/era5-unzipped/2002/2002-11_part1.nc - sde - 20240619T203841
/vsis3/pepper-dataset/era5-unzipped/2002/2002-11_part1.nc - stl1 - 20240619T203902
/vsis3/pepper-dataset/era5-unzipped/2002/2002-11_part1.nc - stl2 - 20240619T203919
/vsis3/pepper-dataset/era5-unzipped/2002/2002-11_part1.nc - stl3 - 20240619T203937
/vsis3/pepper-dataset/era5-unzipped/2002/2002-11_part1.nc - stl4 - 20240619T203956
/vsis3/pepper-dataset/era5-unzipped/2002/2002-11_part1.nc - tsn - 20240619T204014
/vsis3/pepper-dataset/era5-unzipped/2002/2002-11_part1.nc - swvl1 - 20240619T204038
/vsis3/pepper-dataset/era5-unzipped/2002/2002-11_part1.nc - swvl2 - 20240619T204058
/vsis3/pepper-dataset/era5-unzipped/2002/2002-11_part1.nc - swvl3 - 20240619T204118
/vsis3/pepper-dataset/era5-unzipped/2002/2002-11_part1.nc - swvl4 - 20240619T204137
/vsis3/pepper-dataset/era5-unzipped/2002/2002-11_part2.nc - evabs - 20240619T204159
/vsis3/pepper-dataset/era5-unzipped/2002/2002-11_part2.nc - evavt - 20240619T204218
/vsis3/pepper-dataset/era5-unzipped/2002/2002-11_part2.nc - sp - 20240619T204238
/vsis3/pepper-dataset/era5-unzipped/2002/2002-11_part2.nc - sshf - 20240619T204258
/vsis3/pepper-dataset/era5-unzipped/2002/2002-11_part2.nc - ssrd - 20240619T204320
/vsis3/pepper-dataset/era5-unzipped/2002/2002-11_part2.nc - strd - 20240619T204340
/vsis3/pepper-dataset/era5-unzipped/2002/2002-11_part2.nc - tp - 20240619T204357
/vsis3/pepper-dataset/era5-unzipped/2002/2002-12_part1.nc - t2m - 20240619T204422
/vsis3/pepper-dataset/era5-unzipped/2002/2002-12_part1.nc - rsn - 20240619T204443
/vsis3/pepper-dataset/era5-unzipped/2002/2002-12_part1.nc - sde - 20240619T204505
/vsis3/pepper-dataset/era5-unzipped/2002/2002-12_part1.nc - stl1 - 20240619T204524
/vsis3/pepper-dataset/era5-unzipped/2002/2002-12_part1.nc - stl2 - 20240619T204542
/vsis3/pepper-dataset/era5-unzipped/2002/2002-12_part1.nc - stl3 - 20240619T204602
/vsis3/pepper-dataset/era5-unzipped/2002/2002-12_part1.nc - stl4 - 20240619T204620
/vsis3/pepper-dataset/era5-unzipped/2002/2002-12_part1.nc - tsn - 20240619T204641
/vsis3/pepper-dataset/era5-unzipped/2002/2002-12_part1.nc - swvl1 - 20240619T204701
/vsis3/pepper-dataset/era5-unzipped/2002/2002-12_part1.nc - swvl2 - 20240619T204720
/vsis3/pepper-dataset/era5-unzipped/2002/2002-12_part1.nc - swvl3 - 20240619T204741
/vsis3/pepper-dataset/era5-unzipped/2002/2002-12_part1.nc - swvl4 - 20240619T204801
/vsis3/pepper-dataset/era5-unzipped/2002/2002-12_part2.nc - evabs - 20240619T204826
/vsis3/pepper-dataset/era5-unzipped/2002/2002-12_part2.nc - evavt - 20240619T204847
/vsis3/pepper-dataset/era5-unzipped/2002/2002-12_part2.nc - sp - 20240619T204906
/vsis3/pepper-dataset/era5-unzipped/2002/2002-12_part2.nc - sshf - 20240619T204925
/vsis3/pepper-dataset/era5-unzipped/2002/2002-12_part2.nc - ssrd - 20240619T204943
/vsis3/pepper-dataset/era5-unzipped/2002/2002-12_part2.nc - strd - 20240619T205003
/vsis3/pepper-dataset/era5-unzipped/2002/2002-12_part2.nc - tp - 20240619T205023
/vsis3/pepper-dataset/era5-unzipped/2003/2003-01_part1.nc - t2m - 20240619T205045
/vsis3/pepper-dataset/era5-unzipped/2003/2003-01_part1.nc - rsn - 20240619T205105
/vsis3/pepper-dataset/era5-unzipped/2003/2003-01_part1.nc - sde - 20240619T205124
/vsis3/pepper-dataset/era5-unzipped/2003/2003-01_part1.nc - stl1 - 20240619T205143
/vsis3/pepper-dataset/era5-unzipped/2003/2003-01_part1.nc - stl2 - 20240619T205201
/vsis3/pepper-dataset/era5-unzipped/2003/2003-01_part1.nc - stl3 - 20240619T205219
/vsis3/pepper-dataset/era5-unzipped/2003/2003-01_part1.nc - stl4 - 20240619T205236
/vsis3/pepper-dataset/era5-unzipped/2003/2003-01_part1.nc - tsn - 20240619T205259
/vsis3/pepper-dataset/era5-unzipped/2003/2003-01_part1.nc - swvl1 - 20240619T205319
/vsis3/pepper-dataset/era5-unzipped/2003/2003-01_part1.nc - swvl2 - 20240619T205339
/vsis3/pepper-dataset/era5-unzipped/2003/2003-01_part1.nc - swvl3 - 20240619T205400
/vsis3/pepper-dataset/era5-unzipped/2003/2003-01_part1.nc - swvl4 - 20240619T205420
/vsis3/pepper-dataset/era5-unzipped/2003/2003-01_part2.nc - evabs - 20240619T205441
/vsis3/pepper-dataset/era5-unzipped/2003/2003-01_part2.nc - evavt - 20240619T205501
/vsis3/pepper-dataset/era5-unzipped/2003/2003-01_part2.nc - sp - 20240619T205520
/vsis3/pepper-dataset/era5-unzipped/2003/2003-01_part2.nc - sshf - 20240619T205538
/vsis3/pepper-dataset/era5-unzipped/2003/2003-01_part2.nc - ssrd - 20240619T205558
/vsis3/pepper-dataset/era5-unzipped/2003/2003-01_part2.nc - strd - 20240619T205618
/vsis3/pepper-dataset/era5-unzipped/2003/2003-01_part2.nc - tp - 20240619T205635
/vsis3/pepper-dataset/era5-unzipped/2003/2003-02_part1.nc - t2m - 20240619T205656
/vsis3/pepper-dataset/era5-unzipped/2003/2003-02_part1.nc - rsn - 20240619T205712
/vsis3/pepper-dataset/era5-unzipped/2003/2003-02_part1.nc - sde - 20240619T205730
/vsis3/pepper-dataset/era5-unzipped/2003/2003-02_part1.nc - stl1 - 20240619T205745
/vsis3/pepper-dataset/era5-unzipped/2003/2003-02_part1.nc - stl2 - 20240619T205801
/vsis3/pepper-dataset/era5-unzipped/2003/2003-02_part1.nc - stl3 - 20240619T205818
/vsis3/pepper-dataset/era5-unzipped/2003/2003-02_part1.nc - stl4 - 20240619T205834
/vsis3/pepper-dataset/era5-unzipped/2003/2003-02_part1.nc - tsn - 20240619T205851
/vsis3/pepper-dataset/era5-unzipped/2003/2003-02_part1.nc - swvl1 - 20240619T205907
/vsis3/pepper-dataset/era5-unzipped/2003/2003-02_part1.nc - swvl2 - 20240619T205924
/vsis3/pepper-dataset/era5-unzipped/2003/2003-02_part1.nc - swvl3 - 20240619T205943
/vsis3/pepper-dataset/era5-unzipped/2003/2003-02_part1.nc - swvl4 - 20240619T210000
/vsis3/pepper-dataset/era5-unzipped/2003/2003-02_part2.nc - evabs - 20240619T210021
/vsis3/pepper-dataset/era5-unzipped/2003/2003-02_part2.nc - evavt - 20240619T210040
/vsis3/pepper-dataset/era5-unzipped/2003/2003-02_part2.nc - sp - 20240619T210058
/vsis3/pepper-dataset/era5-unzipped/2003/2003-02_part2.nc - sshf - 20240619T210118
/vsis3/pepper-dataset/era5-unzipped/2003/2003-02_part2.nc - ssrd - 20240619T210138
/vsis3/pepper-dataset/era5-unzipped/2003/2003-02_part2.nc - strd - 20240619T210158
/vsis3/pepper-dataset/era5-unzipped/2003/2003-02_part2.nc - tp - 20240619T210217
/vsis3/pepper-dataset/era5-unzipped/2003/2003-03_part1.nc - t2m - 20240619T210238
/vsis3/pepper-dataset/era5-unzipped/2003/2003-03_part1.nc - rsn - 20240619T210259
/vsis3/pepper-dataset/era5-unzipped/2003/2003-03_part1.nc - sde - 20240619T210319
/vsis3/pepper-dataset/era5-unzipped/2003/2003-03_part1.nc - stl1 - 20240619T210340
/vsis3/pepper-dataset/era5-unzipped/2003/2003-03_part1.nc - stl2 - 20240619T210401
/vsis3/pepper-dataset/era5-unzipped/2003/2003-03_part1.nc - stl3 - 20240619T210421
/vsis3/pepper-dataset/era5-unzipped/2003/2003-03_part1.nc - stl4 - 20240619T210442
/vsis3/pepper-dataset/era5-unzipped/2003/2003-03_part1.nc - tsn - 20240619T210502
/vsis3/pepper-dataset/era5-unzipped/2003/2003-03_part1.nc - swvl1 - 20240619T210524
/vsis3/pepper-dataset/era5-unzipped/2003/2003-03_part1.nc - swvl2 - 20240619T210546
/vsis3/pepper-dataset/era5-unzipped/2003/2003-03_part1.nc - swvl3 - 20240619T210607
/vsis3/pepper-dataset/era5-unzipped/2003/2003-03_part1.nc - swvl4 - 20240619T210627
/vsis3/pepper-dataset/era5-unzipped/2003/2003-03_part2.nc - evabs - 20240619T210650
/vsis3/pepper-dataset/era5-unzipped/2003/2003-03_part2.nc - evavt - 20240619T210709
/vsis3/pepper-dataset/era5-unzipped/2003/2003-03_part2.nc - sp - 20240619T210729
/vsis3/pepper-dataset/era5-unzipped/2003/2003-03_part2.nc - sshf - 20240619T210751
/vsis3/pepper-dataset/era5-unzipped/2003/2003-03_part2.nc - ssrd - 20240619T210811
/vsis3/pepper-dataset/era5-unzipped/2003/2003-03_part2.nc - strd - 20240619T210830
/vsis3/pepper-dataset/era5-unzipped/2003/2003-03_part2.nc - tp - 20240619T210850
/vsis3/pepper-dataset/era5-unzipped/2003/2003-04_part1.nc - t2m - 20240619T210913
/vsis3/pepper-dataset/era5-unzipped/2003/2003-04_part1.nc - rsn - 20240619T210934
/vsis3/pepper-dataset/era5-unzipped/2003/2003-04_part1.nc - sde - 20240619T210952
/vsis3/pepper-dataset/era5-unzipped/2003/2003-04_part1.nc - stl1 - 20240619T211013
/vsis3/pepper-dataset/era5-unzipped/2003/2003-04_part1.nc - stl2 - 20240619T211032
/vsis3/pepper-dataset/era5-unzipped/2003/2003-04_part1.nc - stl3 - 20240619T211051
/vsis3/pepper-dataset/era5-unzipped/2003/2003-04_part1.nc - stl4 - 20240619T211110
/vsis3/pepper-dataset/era5-unzipped/2003/2003-04_part1.nc - tsn - 20240619T211130
/vsis3/pepper-dataset/era5-unzipped/2003/2003-04_part1.nc - swvl1 - 20240619T211149
/vsis3/pepper-dataset/era5-unzipped/2003/2003-04_part1.nc - swvl2 - 20240619T211208
/vsis3/pepper-dataset/era5-unzipped/2003/2003-04_part1.nc - swvl3 - 20240619T211227
/vsis3/pepper-dataset/era5-unzipped/2003/2003-04_part1.nc - swvl4 - 20240619T211245
/vsis3/pepper-dataset/era5-unzipped/2003/2003-04_part2.nc - evabs - 20240619T211307
/vsis3/pepper-dataset/era5-unzipped/2003/2003-04_part2.nc - evavt - 20240619T211325
/vsis3/pepper-dataset/era5-unzipped/2003/2003-04_part2.nc - sp - 20240619T211347
/vsis3/pepper-dataset/era5-unzipped/2003/2003-04_part2.nc - sshf - 20240619T211406
/vsis3/pepper-dataset/era5-unzipped/2003/2003-04_part2.nc - ssrd - 20240619T211423
/vsis3/pepper-dataset/era5-unzipped/2003/2003-04_part2.nc - strd - 20240619T211444
/vsis3/pepper-dataset/era5-unzipped/2003/2003-04_part2.nc - tp - 20240619T211503
/vsis3/pepper-dataset/era5-unzipped/2003/2003-05_part1.nc - t2m - 20240619T211525
/vsis3/pepper-dataset/era5-unzipped/2003/2003-05_part1.nc - rsn - 20240619T211546
/vsis3/pepper-dataset/era5-unzipped/2003/2003-05_part1.nc - sde - 20240619T211606
/vsis3/pepper-dataset/era5-unzipped/2003/2003-05_part1.nc - stl1 - 20240619T211626
/vsis3/pepper-dataset/era5-unzipped/2003/2003-05_part1.nc - stl2 - 20240619T211646
/vsis3/pepper-dataset/era5-unzipped/2003/2003-05_part1.nc - stl3 - 20240619T211706
/vsis3/pepper-dataset/era5-unzipped/2003/2003-05_part1.nc - stl4 - 20240619T211726
/vsis3/pepper-dataset/era5-unzipped/2003/2003-05_part1.nc - tsn - 20240619T211748
/vsis3/pepper-dataset/era5-unzipped/2003/2003-05_part1.nc - swvl1 - 20240619T211810
/vsis3/pepper-dataset/era5-unzipped/2003/2003-05_part1.nc - swvl2 - 20240619T211831
/vsis3/pepper-dataset/era5-unzipped/2003/2003-05_part1.nc - swvl3 - 20240619T211850
/vsis3/pepper-dataset/era5-unzipped/2003/2003-05_part1.nc - swvl4 - 20240619T211909
/vsis3/pepper-dataset/era5-unzipped/2003/2003-05_part2.nc - evabs - 20240619T211930
/vsis3/pepper-dataset/era5-unzipped/2003/2003-05_part2.nc - evavt - 20240619T211950
/vsis3/pepper-dataset/era5-unzipped/2003/2003-05_part2.nc - sp - 20240619T212011
/vsis3/pepper-dataset/era5-unzipped/2003/2003-05_part2.nc - sshf - 20240619T212030
/vsis3/pepper-dataset/era5-unzipped/2003/2003-05_part2.nc - ssrd - 20240619T212047
/vsis3/pepper-dataset/era5-unzipped/2003/2003-05_part2.nc - strd - 20240619T212104
/vsis3/pepper-dataset/era5-unzipped/2003/2003-05_part2.nc - tp - 20240619T212125
/vsis3/pepper-dataset/era5-unzipped/2003/2003-06_part1.nc - t2m - 20240619T212148
/vsis3/pepper-dataset/era5-unzipped/2003/2003-06_part1.nc - rsn - 20240619T212207
/vsis3/pepper-dataset/era5-unzipped/2003/2003-06_part1.nc - sde - 20240619T212226
/vsis3/pepper-dataset/era5-unzipped/2003/2003-06_part1.nc - stl1 - 20240619T212244
/vsis3/pepper-dataset/era5-unzipped/2003/2003-06_part1.nc - stl2 - 20240619T212303
/vsis3/pepper-dataset/era5-unzipped/2003/2003-06_part1.nc - stl3 - 20240619T212322
/vsis3/pepper-dataset/era5-unzipped/2003/2003-06_part1.nc - stl4 - 20240619T212340
/vsis3/pepper-dataset/era5-unzipped/2003/2003-06_part1.nc - tsn - 20240619T212358
/vsis3/pepper-dataset/era5-unzipped/2003/2003-06_part1.nc - swvl1 - 20240619T212418
/vsis3/pepper-dataset/era5-unzipped/2003/2003-06_part1.nc - swvl2 - 20240619T212437
/vsis3/pepper-dataset/era5-unzipped/2003/2003-06_part1.nc - swvl3 - 20240619T212455
/vsis3/pepper-dataset/era5-unzipped/2003/2003-06_part1.nc - swvl4 - 20240619T212513
/vsis3/pepper-dataset/era5-unzipped/2003/2003-06_part2.nc - evabs - 20240619T212535
/vsis3/pepper-dataset/era5-unzipped/2003/2003-06_part2.nc - evavt - 20240619T212555
/vsis3/pepper-dataset/era5-unzipped/2003/2003-06_part2.nc - sp - 20240619T212612
/vsis3/pepper-dataset/era5-unzipped/2003/2003-06_part2.nc - sshf - 20240619T212628
/vsis3/pepper-dataset/era5-unzipped/2003/2003-06_part2.nc - ssrd - 20240619T212648
/vsis3/pepper-dataset/era5-unzipped/2003/2003-06_part2.nc - strd - 20240619T212708
/vsis3/pepper-dataset/era5-unzipped/2003/2003-06_part2.nc - tp - 20240619T212726
/vsis3/pepper-dataset/era5-unzipped/2003/2003-07_part1.nc - t2m - 20240619T212748
/vsis3/pepper-dataset/era5-unzipped/2003/2003-07_part1.nc - rsn - 20240619T212809
/vsis3/pepper-dataset/era5-unzipped/2003/2003-07_part1.nc - sde - 20240619T212827
/vsis3/pepper-dataset/era5-unzipped/2003/2003-07_part1.nc - stl1 - 20240619T212846
/vsis3/pepper-dataset/era5-unzipped/2003/2003-07_part1.nc - stl2 - 20240619T212905
/vsis3/pepper-dataset/era5-unzipped/2003/2003-07_part1.nc - stl3 - 20240619T212924
/vsis3/pepper-dataset/era5-unzipped/2003/2003-07_part1.nc - stl4 - 20240619T212942
/vsis3/pepper-dataset/era5-unzipped/2003/2003-07_part1.nc - tsn - 20240619T213000
/vsis3/pepper-dataset/era5-unzipped/2003/2003-07_part1.nc - swvl1 - 20240619T213017
/vsis3/pepper-dataset/era5-unzipped/2003/2003-07_part1.nc - swvl2 - 20240619T213037
/vsis3/pepper-dataset/era5-unzipped/2003/2003-07_part1.nc - swvl3 - 20240619T213056
/vsis3/pepper-dataset/era5-unzipped/2003/2003-07_part1.nc - swvl4 - 20240619T213117
/vsis3/pepper-dataset/era5-unzipped/2003/2003-07_part2.nc - evabs - 20240619T213139
/vsis3/pepper-dataset/era5-unzipped/2003/2003-07_part2.nc - evavt - 20240619T213159
/vsis3/pepper-dataset/era5-unzipped/2003/2003-07_part2.nc - sp - 20240619T213219
/vsis3/pepper-dataset/era5-unzipped/2003/2003-07_part2.nc - sshf - 20240619T213237
/vsis3/pepper-dataset/era5-unzipped/2003/2003-07_part2.nc - ssrd - 20240619T213255
/vsis3/pepper-dataset/era5-unzipped/2003/2003-07_part2.nc - strd - 20240619T213315
/vsis3/pepper-dataset/era5-unzipped/2003/2003-07_part2.nc - tp - 20240619T213334
/vsis3/pepper-dataset/era5-unzipped/2003/2003-08_part1.nc - t2m - 20240619T213355
/vsis3/pepper-dataset/era5-unzipped/2003/2003-08_part1.nc - rsn - 20240619T213415
/vsis3/pepper-dataset/era5-unzipped/2003/2003-08_part1.nc - sde - 20240619T213433
/vsis3/pepper-dataset/era5-unzipped/2003/2003-08_part1.nc - stl1 - 20240619T213450
/vsis3/pepper-dataset/era5-unzipped/2003/2003-08_part1.nc - stl2 - 20240619T213510
/vsis3/pepper-dataset/era5-unzipped/2003/2003-08_part1.nc - stl3 - 20240619T213528
/vsis3/pepper-dataset/era5-unzipped/2003/2003-08_part1.nc - stl4 - 20240619T213546
/vsis3/pepper-dataset/era5-unzipped/2003/2003-08_part1.nc - tsn - 20240619T213606
/vsis3/pepper-dataset/era5-unzipped/2003/2003-08_part1.nc - swvl1 - 20240619T213625
/vsis3/pepper-dataset/era5-unzipped/2003/2003-08_part1.nc - swvl2 - 20240619T213647
/vsis3/pepper-dataset/era5-unzipped/2003/2003-08_part1.nc - swvl3 - 20240619T213706
/vsis3/pepper-dataset/era5-unzipped/2003/2003-08_part1.nc - swvl4 - 20240619T213726
/vsis3/pepper-dataset/era5-unzipped/2003/2003-08_part2.nc - evabs - 20240619T213748
/vsis3/pepper-dataset/era5-unzipped/2003/2003-08_part2.nc - evavt - 20240619T213808
/vsis3/pepper-dataset/era5-unzipped/2003/2003-08_part2.nc - sp - 20240619T213826
/vsis3/pepper-dataset/era5-unzipped/2003/2003-08_part2.nc - sshf - 20240619T213844
/vsis3/pepper-dataset/era5-unzipped/2003/2003-08_part2.nc - ssrd - 20240619T213902
/vsis3/pepper-dataset/era5-unzipped/2003/2003-08_part2.nc - strd - 20240619T213920
/vsis3/pepper-dataset/era5-unzipped/2003/2003-08_part2.nc - tp - 20240619T213941
/vsis3/pepper-dataset/era5-unzipped/2003/2003-09_part1.nc - t2m - 20240619T214002
/vsis3/pepper-dataset/era5-unzipped/2003/2003-09_part1.nc - rsn - 20240619T214020
/vsis3/pepper-dataset/era5-unzipped/2003/2003-09_part1.nc - sde - 20240619T214038
/vsis3/pepper-dataset/era5-unzipped/2003/2003-09_part1.nc - stl1 - 20240619T214056
/vsis3/pepper-dataset/era5-unzipped/2003/2003-09_part1.nc - stl2 - 20240619T214113
/vsis3/pepper-dataset/era5-unzipped/2003/2003-09_part1.nc - stl3 - 20240619T214130
/vsis3/pepper-dataset/era5-unzipped/2003/2003-09_part1.nc - stl4 - 20240619T214146
/vsis3/pepper-dataset/era5-unzipped/2003/2003-09_part1.nc - tsn - 20240619T214204
/vsis3/pepper-dataset/era5-unzipped/2003/2003-09_part1.nc - swvl1 - 20240619T214222
/vsis3/pepper-dataset/era5-unzipped/2003/2003-09_part1.nc - swvl2 - 20240619T214239
/vsis3/pepper-dataset/era5-unzipped/2003/2003-09_part1.nc - swvl3 - 20240619T214256
/vsis3/pepper-dataset/era5-unzipped/2003/2003-09_part1.nc - swvl4 - 20240619T214313
/vsis3/pepper-dataset/era5-unzipped/2003/2003-09_part2.nc - evabs - 20240619T214334
/vsis3/pepper-dataset/era5-unzipped/2003/2003-09_part2.nc - evavt - 20240619T214352
/vsis3/pepper-dataset/era5-unzipped/2003/2003-09_part2.nc - sp - 20240619T214410
/vsis3/pepper-dataset/era5-unzipped/2003/2003-09_part2.nc - sshf - 20240619T214426
/vsis3/pepper-dataset/era5-unzipped/2003/2003-09_part2.nc - ssrd - 20240619T214444
/vsis3/pepper-dataset/era5-unzipped/2003/2003-09_part2.nc - strd - 20240619T214502
/vsis3/pepper-dataset/era5-unzipped/2003/2003-09_part2.nc - tp - 20240619T214519
/vsis3/pepper-dataset/era5-unzipped/2003/2003-10_part1.nc - t2m - 20240619T214541
/vsis3/pepper-dataset/era5-unzipped/2003/2003-10_part1.nc - rsn - 20240619T214558
/vsis3/pepper-dataset/era5-unzipped/2003/2003-10_part1.nc - sde - 20240619T214618
/vsis3/pepper-dataset/era5-unzipped/2003/2003-10_part1.nc - stl1 - 20240619T214634
/vsis3/pepper-dataset/era5-unzipped/2003/2003-10_part1.nc - stl2 - 20240619T214654
/vsis3/pepper-dataset/era5-unzipped/2003/2003-10_part1.nc - stl3 - 20240619T214711
/vsis3/pepper-dataset/era5-unzipped/2003/2003-10_part1.nc - stl4 - 20240619T214729
/vsis3/pepper-dataset/era5-unzipped/2003/2003-10_part1.nc - tsn - 20240619T214748
/vsis3/pepper-dataset/era5-unzipped/2003/2003-10_part1.nc - swvl1 - 20240619T214807
/vsis3/pepper-dataset/era5-unzipped/2003/2003-10_part1.nc - swvl2 - 20240619T214826
/vsis3/pepper-dataset/era5-unzipped/2003/2003-10_part1.nc - swvl3 - 20240619T214844
/vsis3/pepper-dataset/era5-unzipped/2003/2003-10_part1.nc - swvl4 - 20240619T214904
/vsis3/pepper-dataset/era5-unzipped/2003/2003-10_part2.nc - evabs - 20240619T214924
/vsis3/pepper-dataset/era5-unzipped/2003/2003-10_part2.nc - evavt - 20240619T214944
/vsis3/pepper-dataset/era5-unzipped/2003/2003-10_part2.nc - sp - 20240619T215001
/vsis3/pepper-dataset/era5-unzipped/2003/2003-10_part2.nc - sshf - 20240619T215019
/vsis3/pepper-dataset/era5-unzipped/2003/2003-10_part2.nc - ssrd - 20240619T215036
/vsis3/pepper-dataset/era5-unzipped/2003/2003-10_part2.nc - strd - 20240619T215056
/vsis3/pepper-dataset/era5-unzipped/2003/2003-10_part2.nc - tp - 20240619T215113
/vsis3/pepper-dataset/era5-unzipped/2003/2003-11_part1.nc - t2m - 20240619T215132
/vsis3/pepper-dataset/era5-unzipped/2003/2003-11_part1.nc - rsn - 20240619T215151
/vsis3/pepper-dataset/era5-unzipped/2003/2003-11_part1.nc - sde - 20240619T215207
/vsis3/pepper-dataset/era5-unzipped/2003/2003-11_part1.nc - stl1 - 20240619T215225
/vsis3/pepper-dataset/era5-unzipped/2003/2003-11_part1.nc - stl2 - 20240619T215242
/vsis3/pepper-dataset/era5-unzipped/2003/2003-11_part1.nc - stl3 - 20240619T215259
/vsis3/pepper-dataset/era5-unzipped/2003/2003-11_part1.nc - stl4 - 20240619T215318
/vsis3/pepper-dataset/era5-unzipped/2003/2003-11_part1.nc - tsn - 20240619T215335
/vsis3/pepper-dataset/era5-unzipped/2003/2003-11_part1.nc - swvl1 - 20240619T215353
/vsis3/pepper-dataset/era5-unzipped/2003/2003-11_part1.nc - swvl2 - 20240619T215411
/vsis3/pepper-dataset/era5-unzipped/2003/2003-11_part1.nc - swvl3 - 20240619T215428
/vsis3/pepper-dataset/era5-unzipped/2003/2003-11_part1.nc - swvl4 - 20240619T215445
/vsis3/pepper-dataset/era5-unzipped/2003/2003-11_part2.nc - evabs - 20240619T215506
/vsis3/pepper-dataset/era5-unzipped/2003/2003-11_part2.nc - evavt - 20240619T215523
/vsis3/pepper-dataset/era5-unzipped/2003/2003-11_part2.nc - sp - 20240619T215540
/vsis3/pepper-dataset/era5-unzipped/2003/2003-11_part2.nc - sshf - 20240619T215557
/vsis3/pepper-dataset/era5-unzipped/2003/2003-11_part2.nc - ssrd - 20240619T215613
/vsis3/pepper-dataset/era5-unzipped/2003/2003-11_part2.nc - strd - 20240619T215628
/vsis3/pepper-dataset/era5-unzipped/2003/2003-11_part2.nc - tp - 20240619T215645
/vsis3/pepper-dataset/era5-unzipped/2003/2003-12_part1.nc - t2m - 20240619T215705
/vsis3/pepper-dataset/era5-unzipped/2003/2003-12_part1.nc - rsn - 20240619T215723
/vsis3/pepper-dataset/era5-unzipped/2003/2003-12_part1.nc - sde - 20240619T215740
/vsis3/pepper-dataset/era5-unzipped/2003/2003-12_part1.nc - stl1 - 20240619T215757
/vsis3/pepper-dataset/era5-unzipped/2003/2003-12_part1.nc - stl2 - 20240619T215814
/vsis3/pepper-dataset/era5-unzipped/2003/2003-12_part1.nc - stl3 - 20240619T215830
/vsis3/pepper-dataset/era5-unzipped/2003/2003-12_part1.nc - stl4 - 20240619T215848
/vsis3/pepper-dataset/era5-unzipped/2003/2003-12_part1.nc - tsn - 20240619T215907
/vsis3/pepper-dataset/era5-unzipped/2003/2003-12_part1.nc - swvl1 - 20240619T215924
/vsis3/pepper-dataset/era5-unzipped/2003/2003-12_part1.nc - swvl2 - 20240619T215943
/vsis3/pepper-dataset/era5-unzipped/2003/2003-12_part1.nc - swvl3 - 20240619T215959
/vsis3/pepper-dataset/era5-unzipped/2003/2003-12_part1.nc - swvl4 - 20240619T220020
/vsis3/pepper-dataset/era5-unzipped/2003/2003-12_part2.nc - evabs - 20240619T220043
/vsis3/pepper-dataset/era5-unzipped/2003/2003-12_part2.nc - evavt - 20240619T220104
/vsis3/pepper-dataset/era5-unzipped/2003/2003-12_part2.nc - sp - 20240619T220124
/vsis3/pepper-dataset/era5-unzipped/2003/2003-12_part2.nc - sshf - 20240619T220145
/vsis3/pepper-dataset/era5-unzipped/2003/2003-12_part2.nc - ssrd - 20240619T220208
/vsis3/pepper-dataset/era5-unzipped/2003/2003-12_part2.nc - strd - 20240619T220228
/vsis3/pepper-dataset/era5-unzipped/2003/2003-12_part2.nc - tp - 20240619T220249
/vsis3/pepper-dataset/era5-unzipped/2004/2004-01_part1.nc - t2m - 20240619T220313
/vsis3/pepper-dataset/era5-unzipped/2004/2004-01_part1.nc - rsn - 20240619T220330
/vsis3/pepper-dataset/era5-unzipped/2004/2004-01_part1.nc - sde - 20240619T220350
/vsis3/pepper-dataset/era5-unzipped/2004/2004-01_part1.nc - stl1 - 20240619T220411
/vsis3/pepper-dataset/era5-unzipped/2004/2004-01_part1.nc - stl2 - 20240619T220430
/vsis3/pepper-dataset/era5-unzipped/2004/2004-01_part1.nc - stl3 - 20240619T220449
/vsis3/pepper-dataset/era5-unzipped/2004/2004-01_part1.nc - stl4 - 20240619T220508
/vsis3/pepper-dataset/era5-unzipped/2004/2004-01_part1.nc - tsn - 20240619T220528
/vsis3/pepper-dataset/era5-unzipped/2004/2004-01_part1.nc - swvl1 - 20240619T220547
/vsis3/pepper-dataset/era5-unzipped/2004/2004-01_part1.nc - swvl2 - 20240619T220609
/vsis3/pepper-dataset/era5-unzipped/2004/2004-01_part1.nc - swvl3 - 20240619T220629
/vsis3/pepper-dataset/era5-unzipped/2004/2004-01_part1.nc - swvl4 - 20240619T220649
/vsis3/pepper-dataset/era5-unzipped/2004/2004-01_part2.nc - evabs - 20240619T220713
/vsis3/pepper-dataset/era5-unzipped/2004/2004-01_part2.nc - evavt - 20240619T220732
/vsis3/pepper-dataset/era5-unzipped/2004/2004-01_part2.nc - sp - 20240619T220754
/vsis3/pepper-dataset/era5-unzipped/2004/2004-01_part2.nc - sshf - 20240619T220813
/vsis3/pepper-dataset/era5-unzipped/2004/2004-01_part2.nc - ssrd - 20240619T220834
/vsis3/pepper-dataset/era5-unzipped/2004/2004-01_part2.nc - strd - 20240619T220855
/vsis3/pepper-dataset/era5-unzipped/2004/2004-01_part2.nc - tp - 20240619T220917
/vsis3/pepper-dataset/era5-unzipped/2004/2004-02_part1.nc - t2m - 20240619T220938
/vsis3/pepper-dataset/era5-unzipped/2004/2004-02_part1.nc - rsn - 20240619T220957
/vsis3/pepper-dataset/era5-unzipped/2004/2004-02_part1.nc - sde - 20240619T221013
/vsis3/pepper-dataset/era5-unzipped/2004/2004-02_part1.nc - stl1 - 20240619T221031
/vsis3/pepper-dataset/era5-unzipped/2004/2004-02_part1.nc - stl2 - 20240619T221049
/vsis3/pepper-dataset/era5-unzipped/2004/2004-02_part1.nc - stl3 - 20240619T221108
/vsis3/pepper-dataset/era5-unzipped/2004/2004-02_part1.nc - stl4 - 20240619T221126
/vsis3/pepper-dataset/era5-unzipped/2004/2004-02_part1.nc - tsn - 20240619T221143
/vsis3/pepper-dataset/era5-unzipped/2004/2004-02_part1.nc - swvl1 - 20240619T221202
/vsis3/pepper-dataset/era5-unzipped/2004/2004-02_part1.nc - swvl2 - 20240619T221220
/vsis3/pepper-dataset/era5-unzipped/2004/2004-02_part1.nc - swvl3 - 20240619T221239
/vsis3/pepper-dataset/era5-unzipped/2004/2004-02_part1.nc - swvl4 - 20240619T221259
/vsis3/pepper-dataset/era5-unzipped/2004/2004-02_part2.nc - evabs - 20240619T221319
/vsis3/pepper-dataset/era5-unzipped/2004/2004-02_part2.nc - evavt - 20240619T221337
/vsis3/pepper-dataset/era5-unzipped/2004/2004-02_part2.nc - sp - 20240619T221355
/vsis3/pepper-dataset/era5-unzipped/2004/2004-02_part2.nc - sshf - 20240619T221413
/vsis3/pepper-dataset/era5-unzipped/2004/2004-02_part2.nc - ssrd - 20240619T221431
/vsis3/pepper-dataset/era5-unzipped/2004/2004-02_part2.nc - strd - 20240619T221449
/vsis3/pepper-dataset/era5-unzipped/2004/2004-02_part2.nc - tp - 20240619T221508
/vsis3/pepper-dataset/era5-unzipped/2004/2004-03_part1.nc - t2m - 20240619T221528
/vsis3/pepper-dataset/era5-unzipped/2004/2004-03_part1.nc - rsn - 20240619T221550
/vsis3/pepper-dataset/era5-unzipped/2004/2004-03_part1.nc - sde - 20240619T221611
/vsis3/pepper-dataset/era5-unzipped/2004/2004-03_part1.nc - stl1 - 20240619T221633
/vsis3/pepper-dataset/era5-unzipped/2004/2004-03_part1.nc - stl2 - 20240619T221653
/vsis3/pepper-dataset/era5-unzipped/2004/2004-03_part1.nc - stl3 - 20240619T221713
/vsis3/pepper-dataset/era5-unzipped/2004/2004-03_part1.nc - stl4 - 20240619T221732
/vsis3/pepper-dataset/era5-unzipped/2004/2004-03_part1.nc - tsn - 20240619T221751
/vsis3/pepper-dataset/era5-unzipped/2004/2004-03_part1.nc - swvl1 - 20240619T221813
/vsis3/pepper-dataset/era5-unzipped/2004/2004-03_part1.nc - swvl2 - 20240619T221834
/vsis3/pepper-dataset/era5-unzipped/2004/2004-03_part1.nc - swvl3 - 20240619T221852
/vsis3/pepper-dataset/era5-unzipped/2004/2004-03_part1.nc - swvl4 - 20240619T221913
/vsis3/pepper-dataset/era5-unzipped/2004/2004-03_part2.nc - evabs - 20240619T221935
/vsis3/pepper-dataset/era5-unzipped/2004/2004-03_part2.nc - evavt - 20240619T221954
/vsis3/pepper-dataset/era5-unzipped/2004/2004-03_part2.nc - sp - 20240619T222015
/vsis3/pepper-dataset/era5-unzipped/2004/2004-03_part2.nc - sshf - 20240619T222033
/vsis3/pepper-dataset/era5-unzipped/2004/2004-03_part2.nc - ssrd - 20240619T222053
/vsis3/pepper-dataset/era5-unzipped/2004/2004-03_part2.nc - strd - 20240619T222113
/vsis3/pepper-dataset/era5-unzipped/2004/2004-03_part2.nc - tp - 20240619T222133
/vsis3/pepper-dataset/era5-unzipped/2004/2004-04_part1.nc - t2m - 20240619T222154
/vsis3/pepper-dataset/era5-unzipped/2004/2004-04_part1.nc - rsn - 20240619T222214
/vsis3/pepper-dataset/era5-unzipped/2004/2004-04_part1.nc - sde - 20240619T222233
/vsis3/pepper-dataset/era5-unzipped/2004/2004-04_part1.nc - stl1 - 20240619T222252
/vsis3/pepper-dataset/era5-unzipped/2004/2004-04_part1.nc - stl2 - 20240619T222312
/vsis3/pepper-dataset/era5-unzipped/2004/2004-04_part1.nc - stl3 - 20240619T222328
/vsis3/pepper-dataset/era5-unzipped/2004/2004-04_part1.nc - stl4 - 20240619T222346
/vsis3/pepper-dataset/era5-unzipped/2004/2004-04_part1.nc - tsn - 20240619T222405
/vsis3/pepper-dataset/era5-unzipped/2004/2004-04_part1.nc - swvl1 - 20240619T222423
/vsis3/pepper-dataset/era5-unzipped/2004/2004-04_part1.nc - swvl2 - 20240619T222441
/vsis3/pepper-dataset/era5-unzipped/2004/2004-04_part1.nc - swvl3 - 20240619T222458
/vsis3/pepper-dataset/era5-unzipped/2004/2004-04_part1.nc - swvl4 - 20240619T222516
/vsis3/pepper-dataset/era5-unzipped/2004/2004-04_part2.nc - evabs - 20240619T222537
/vsis3/pepper-dataset/era5-unzipped/2004/2004-04_part2.nc - evavt - 20240619T222556
/vsis3/pepper-dataset/era5-unzipped/2004/2004-04_part2.nc - sp - 20240619T222616
/vsis3/pepper-dataset/era5-unzipped/2004/2004-04_part2.nc - sshf - 20240619T222634
/vsis3/pepper-dataset/era5-unzipped/2004/2004-04_part2.nc - ssrd - 20240619T222652
/vsis3/pepper-dataset/era5-unzipped/2004/2004-04_part2.nc - strd - 20240619T222710
/vsis3/pepper-dataset/era5-unzipped/2004/2004-04_part2.nc - tp - 20240619T222728
/vsis3/pepper-dataset/era5-unzipped/2004/2004-05_part1.nc - t2m - 20240619T222748
/vsis3/pepper-dataset/era5-unzipped/2004/2004-05_part1.nc - rsn - 20240619T222806
/vsis3/pepper-dataset/era5-unzipped/2004/2004-05_part1.nc - sde - 20240619T222825
/vsis3/pepper-dataset/era5-unzipped/2004/2004-05_part1.nc - stl1 - 20240619T222845
/vsis3/pepper-dataset/era5-unzipped/2004/2004-05_part1.nc - stl2 - 20240619T222903
/vsis3/pepper-dataset/era5-unzipped/2004/2004-05_part1.nc - stl3 - 20240619T222921
/vsis3/pepper-dataset/era5-unzipped/2004/2004-05_part1.nc - stl4 - 20240619T222938
/vsis3/pepper-dataset/era5-unzipped/2004/2004-05_part1.nc - tsn - 20240619T222957
/vsis3/pepper-dataset/era5-unzipped/2004/2004-05_part1.nc - swvl1 - 20240619T223019
/vsis3/pepper-dataset/era5-unzipped/2004/2004-05_part1.nc - swvl2 - 20240619T223042
/vsis3/pepper-dataset/era5-unzipped/2004/2004-05_part1.nc - swvl3 - 20240619T223102
/vsis3/pepper-dataset/era5-unzipped/2004/2004-05_part1.nc - swvl4 - 20240619T223122
/vsis3/pepper-dataset/era5-unzipped/2004/2004-05_part2.nc - evabs - 20240619T223144
/vsis3/pepper-dataset/era5-unzipped/2004/2004-05_part2.nc - evavt - 20240619T223204
/vsis3/pepper-dataset/era5-unzipped/2004/2004-05_part2.nc - sp - 20240619T223225
/vsis3/pepper-dataset/era5-unzipped/2004/2004-05_part2.nc - sshf - 20240619T223245
/vsis3/pepper-dataset/era5-unzipped/2004/2004-05_part2.nc - ssrd - 20240619T223303
/vsis3/pepper-dataset/era5-unzipped/2004/2004-05_part2.nc - strd - 20240619T223323
/vsis3/pepper-dataset/era5-unzipped/2004/2004-05_part2.nc - tp - 20240619T223343
/vsis3/pepper-dataset/era5-unzipped/2004/2004-06_part1.nc - t2m - 20240619T223405
/vsis3/pepper-dataset/era5-unzipped/2004/2004-06_part1.nc - rsn - 20240619T223423
/vsis3/pepper-dataset/era5-unzipped/2004/2004-06_part1.nc - sde - 20240619T223444
/vsis3/pepper-dataset/era5-unzipped/2004/2004-06_part1.nc - stl1 - 20240619T223502
/vsis3/pepper-dataset/era5-unzipped/2004/2004-06_part1.nc - stl2 - 20240619T223521
/vsis3/pepper-dataset/era5-unzipped/2004/2004-06_part1.nc - stl3 - 20240619T223539
/vsis3/pepper-dataset/era5-unzipped/2004/2004-06_part1.nc - stl4 - 20240619T223558
/vsis3/pepper-dataset/era5-unzipped/2004/2004-06_part1.nc - tsn - 20240619T223616
/vsis3/pepper-dataset/era5-unzipped/2004/2004-06_part1.nc - swvl1 - 20240619T223632
/vsis3/pepper-dataset/era5-unzipped/2004/2004-06_part1.nc - swvl2 - 20240619T223651
/vsis3/pepper-dataset/era5-unzipped/2004/2004-06_part1.nc - swvl3 - 20240619T223709
/vsis3/pepper-dataset/era5-unzipped/2004/2004-06_part1.nc - swvl4 - 20240619T223726
/vsis3/pepper-dataset/era5-unzipped/2004/2004-06_part2.nc - evabs - 20240619T223746
/vsis3/pepper-dataset/era5-unzipped/2004/2004-06_part2.nc - evavt - 20240619T223805
/vsis3/pepper-dataset/era5-unzipped/2004/2004-06_part2.nc - sp - 20240619T223824
/vsis3/pepper-dataset/era5-unzipped/2004/2004-06_part2.nc - sshf - 20240619T223841
/vsis3/pepper-dataset/era5-unzipped/2004/2004-06_part2.nc - ssrd - 20240619T223900
/vsis3/pepper-dataset/era5-unzipped/2004/2004-06_part2.nc - strd - 20240619T223919
/vsis3/pepper-dataset/era5-unzipped/2004/2004-06_part2.nc - tp - 20240619T223939
/vsis3/pepper-dataset/era5-unzipped/2004/2004-07_part1.nc - t2m - 20240619T224000
/vsis3/pepper-dataset/era5-unzipped/2004/2004-07_part1.nc - rsn - 20240619T224018
/vsis3/pepper-dataset/era5-unzipped/2004/2004-07_part1.nc - sde - 20240619T224036
/vsis3/pepper-dataset/era5-unzipped/2004/2004-07_part1.nc - stl1 - 20240619T224054
/vsis3/pepper-dataset/era5-unzipped/2004/2004-07_part1.nc - stl2 - 20240619T224112
/vsis3/pepper-dataset/era5-unzipped/2004/2004-07_part1.nc - stl3 - 20240619T224129
/vsis3/pepper-dataset/era5-unzipped/2004/2004-07_part1.nc - stl4 - 20240619T224148
/vsis3/pepper-dataset/era5-unzipped/2004/2004-07_part1.nc - tsn - 20240619T224207
/vsis3/pepper-dataset/era5-unzipped/2004/2004-07_part1.nc - swvl1 - 20240619T224225
/vsis3/pepper-dataset/era5-unzipped/2004/2004-07_part1.nc - swvl2 - 20240619T224245
/vsis3/pepper-dataset/era5-unzipped/2004/2004-07_part1.nc - swvl3 - 20240619T224306
/vsis3/pepper-dataset/era5-unzipped/2004/2004-07_part1.nc - swvl4 - 20240619T224325
/vsis3/pepper-dataset/era5-unzipped/2004/2004-07_part2.nc - evabs - 20240619T224347
/vsis3/pepper-dataset/era5-unzipped/2004/2004-07_part2.nc - evavt - 20240619T224406
/vsis3/pepper-dataset/era5-unzipped/2004/2004-07_part2.nc - sp - 20240619T224424
/vsis3/pepper-dataset/era5-unzipped/2004/2004-07_part2.nc - sshf - 20240619T224442
/vsis3/pepper-dataset/era5-unzipped/2004/2004-07_part2.nc - ssrd - 20240619T224459
/vsis3/pepper-dataset/era5-unzipped/2004/2004-07_part2.nc - strd - 20240619T224519
/vsis3/pepper-dataset/era5-unzipped/2004/2004-07_part2.nc - tp - 20240619T224538
/vsis3/pepper-dataset/era5-unzipped/2004/2004-08_part1.nc - t2m - 20240619T224559
/vsis3/pepper-dataset/era5-unzipped/2004/2004-08_part1.nc - rsn - 20240619T224618
/vsis3/pepper-dataset/era5-unzipped/2004/2004-08_part1.nc - sde - 20240619T224637
/vsis3/pepper-dataset/era5-unzipped/2004/2004-08_part1.nc - stl1 - 20240619T224655
/vsis3/pepper-dataset/era5-unzipped/2004/2004-08_part1.nc - stl2 - 20240619T224712
/vsis3/pepper-dataset/era5-unzipped/2004/2004-08_part1.nc - stl3 - 20240619T224729
/vsis3/pepper-dataset/era5-unzipped/2004/2004-08_part1.nc - stl4 - 20240619T224746
/vsis3/pepper-dataset/era5-unzipped/2004/2004-08_part1.nc - tsn - 20240619T224804
/vsis3/pepper-dataset/era5-unzipped/2004/2004-08_part1.nc - swvl1 - 20240619T224822
/vsis3/pepper-dataset/era5-unzipped/2004/2004-08_part1.nc - swvl2 - 20240619T224842
/vsis3/pepper-dataset/era5-unzipped/2004/2004-08_part1.nc - swvl3 - 20240619T224900
/vsis3/pepper-dataset/era5-unzipped/2004/2004-08_part1.nc - swvl4 - 20240619T224917
/vsis3/pepper-dataset/era5-unzipped/2004/2004-08_part2.nc - evabs - 20240619T224936
/vsis3/pepper-dataset/era5-unzipped/2004/2004-08_part2.nc - evavt - 20240619T224955
/vsis3/pepper-dataset/era5-unzipped/2004/2004-08_part2.nc - sp - 20240619T225013
/vsis3/pepper-dataset/era5-unzipped/2004/2004-08_part2.nc - sshf - 20240619T225030
/vsis3/pepper-dataset/era5-unzipped/2004/2004-08_part2.nc - ssrd - 20240619T225049
/vsis3/pepper-dataset/era5-unzipped/2004/2004-08_part2.nc - strd - 20240619T225108
/vsis3/pepper-dataset/era5-unzipped/2004/2004-08_part2.nc - tp - 20240619T225126
/vsis3/pepper-dataset/era5-unzipped/2004/2004-09_part1.nc - t2m - 20240619T225145
/vsis3/pepper-dataset/era5-unzipped/2004/2004-09_part1.nc - rsn - 20240619T225201
/vsis3/pepper-dataset/era5-unzipped/2004/2004-09_part1.nc - sde - 20240619T225218
/vsis3/pepper-dataset/era5-unzipped/2004/2004-09_part1.nc - stl1 - 20240619T225235
/vsis3/pepper-dataset/era5-unzipped/2004/2004-09_part1.nc - stl2 - 20240619T225253
/vsis3/pepper-dataset/era5-unzipped/2004/2004-09_part1.nc - stl3 - 20240619T225311
/vsis3/pepper-dataset/era5-unzipped/2004/2004-09_part1.nc - stl4 - 20240619T225327
/vsis3/pepper-dataset/era5-unzipped/2004/2004-09_part1.nc - tsn - 20240619T225343
/vsis3/pepper-dataset/era5-unzipped/2004/2004-09_part1.nc - swvl1 - 20240619T225359
/vsis3/pepper-dataset/era5-unzipped/2004/2004-09_part1.nc - swvl2 - 20240619T225416
/vsis3/pepper-dataset/era5-unzipped/2004/2004-09_part1.nc - swvl3 - 20240619T225434
/vsis3/pepper-dataset/era5-unzipped/2004/2004-09_part1.nc - swvl4 - 20240619T225450
/vsis3/pepper-dataset/era5-unzipped/2004/2004-09_part2.nc - evabs - 20240619T225511
/vsis3/pepper-dataset/era5-unzipped/2004/2004-09_part2.nc - evavt - 20240619T225528
/vsis3/pepper-dataset/era5-unzipped/2004/2004-09_part2.nc - sp - 20240619T225545
/vsis3/pepper-dataset/era5-unzipped/2004/2004-09_part2.nc - sshf - 20240619T225602
/vsis3/pepper-dataset/era5-unzipped/2004/2004-09_part2.nc - ssrd - 20240619T225620
/vsis3/pepper-dataset/era5-unzipped/2004/2004-09_part2.nc - strd - 20240619T225636
/vsis3/pepper-dataset/era5-unzipped/2004/2004-09_part2.nc - tp - 20240619T225654
/vsis3/pepper-dataset/era5-unzipped/2004/2004-10_part1.nc - t2m - 20240619T225711
/vsis3/pepper-dataset/era5-unzipped/2004/2004-10_part1.nc - rsn - 20240619T225729
/vsis3/pepper-dataset/era5-unzipped/2004/2004-10_part1.nc - sde - 20240619T225745
/vsis3/pepper-dataset/era5-unzipped/2004/2004-10_part1.nc - stl1 - 20240619T225801
/vsis3/pepper-dataset/era5-unzipped/2004/2004-10_part1.nc - stl2 - 20240619T225817
/vsis3/pepper-dataset/era5-unzipped/2004/2004-10_part1.nc - stl3 - 20240619T225834
/vsis3/pepper-dataset/era5-unzipped/2004/2004-10_part1.nc - stl4 - 20240619T225850
/vsis3/pepper-dataset/era5-unzipped/2004/2004-10_part1.nc - tsn - 20240619T225906
/vsis3/pepper-dataset/era5-unzipped/2004/2004-10_part1.nc - swvl1 - 20240619T225923
/vsis3/pepper-dataset/era5-unzipped/2004/2004-10_part1.nc - swvl2 - 20240619T225940
/vsis3/pepper-dataset/era5-unzipped/2004/2004-10_part1.nc - swvl3 - 20240619T225957
/vsis3/pepper-dataset/era5-unzipped/2004/2004-10_part1.nc - swvl4 - 20240619T230017
/vsis3/pepper-dataset/era5-unzipped/2004/2004-10_part2.nc - evabs - 20240619T230038
/vsis3/pepper-dataset/era5-unzipped/2004/2004-10_part2.nc - evavt - 20240619T230057
/vsis3/pepper-dataset/era5-unzipped/2004/2004-10_part2.nc - sp - 20240619T230115
/vsis3/pepper-dataset/era5-unzipped/2004/2004-10_part2.nc - sshf - 20240619T230134
/vsis3/pepper-dataset/era5-unzipped/2004/2004-10_part2.nc - ssrd - 20240619T230152
/vsis3/pepper-dataset/era5-unzipped/2004/2004-10_part2.nc - strd - 20240619T230211
/vsis3/pepper-dataset/era5-unzipped/2004/2004-10_part2.nc - tp - 20240619T230229
/vsis3/pepper-dataset/era5-unzipped/2004/2004-11_part1.nc - t2m - 20240619T230250
/vsis3/pepper-dataset/era5-unzipped/2004/2004-11_part1.nc - rsn - 20240619T230307
/vsis3/pepper-dataset/era5-unzipped/2004/2004-11_part1.nc - sde - 20240619T230324
/vsis3/pepper-dataset/era5-unzipped/2004/2004-11_part1.nc - stl1 - 20240619T230343
/vsis3/pepper-dataset/era5-unzipped/2004/2004-11_part1.nc - stl2 - 20240619T230402
/vsis3/pepper-dataset/era5-unzipped/2004/2004-11_part1.nc - stl3 - 20240619T230420
/vsis3/pepper-dataset/era5-unzipped/2004/2004-11_part1.nc - stl4 - 20240619T230438
/vsis3/pepper-dataset/era5-unzipped/2004/2004-11_part1.nc - tsn - 20240619T230455
/vsis3/pepper-dataset/era5-unzipped/2004/2004-11_part1.nc - swvl1 - 20240619T230514
/vsis3/pepper-dataset/era5-unzipped/2004/2004-11_part1.nc - swvl2 - 20240619T230532
/vsis3/pepper-dataset/era5-unzipped/2004/2004-11_part1.nc - swvl3 - 20240619T230549
/vsis3/pepper-dataset/era5-unzipped/2004/2004-11_part1.nc - swvl4 - 20240619T230609
/vsis3/pepper-dataset/era5-unzipped/2004/2004-11_part2.nc - evabs - 20240619T230629
/vsis3/pepper-dataset/era5-unzipped/2004/2004-11_part2.nc - evavt - 20240619T230648
/vsis3/pepper-dataset/era5-unzipped/2004/2004-11_part2.nc - sp - 20240619T230707
/vsis3/pepper-dataset/era5-unzipped/2004/2004-11_part2.nc - sshf - 20240619T230723
/vsis3/pepper-dataset/era5-unzipped/2004/2004-11_part2.nc - ssrd - 20240619T230741
/vsis3/pepper-dataset/era5-unzipped/2004/2004-11_part2.nc - strd - 20240619T230758
/vsis3/pepper-dataset/era5-unzipped/2004/2004-11_part2.nc - tp - 20240619T230817
/vsis3/pepper-dataset/era5-unzipped/2004/2004-12_part1.nc - t2m - 20240619T230836
/vsis3/pepper-dataset/era5-unzipped/2004/2004-12_part1.nc - rsn - 20240619T230853
/vsis3/pepper-dataset/era5-unzipped/2004/2004-12_part1.nc - sde - 20240619T230911
/vsis3/pepper-dataset/era5-unzipped/2004/2004-12_part1.nc - stl1 - 20240619T230928
/vsis3/pepper-dataset/era5-unzipped/2004/2004-12_part1.nc - stl2 - 20240619T230947
/vsis3/pepper-dataset/era5-unzipped/2004/2004-12_part1.nc - stl3 - 20240619T231005
/vsis3/pepper-dataset/era5-unzipped/2004/2004-12_part1.nc - stl4 - 20240619T231024
/vsis3/pepper-dataset/era5-unzipped/2004/2004-12_part1.nc - tsn - 20240619T231045
/vsis3/pepper-dataset/era5-unzipped/2004/2004-12_part1.nc - swvl1 - 20240619T231105
/vsis3/pepper-dataset/era5-unzipped/2004/2004-12_part1.nc - swvl2 - 20240619T231124
/vsis3/pepper-dataset/era5-unzipped/2004/2004-12_part1.nc - swvl3 - 20240619T231145
/vsis3/pepper-dataset/era5-unzipped/2004/2004-12_part1.nc - swvl4 - 20240619T231204
/vsis3/pepper-dataset/era5-unzipped/2004/2004-12_part2.nc - evabs - 20240619T231225
/vsis3/pepper-dataset/era5-unzipped/2004/2004-12_part2.nc - evavt - 20240619T231245
/vsis3/pepper-dataset/era5-unzipped/2004/2004-12_part2.nc - sp - 20240619T231303
/vsis3/pepper-dataset/era5-unzipped/2004/2004-12_part2.nc - sshf - 20240619T231323
/vsis3/pepper-dataset/era5-unzipped/2004/2004-12_part2.nc - ssrd - 20240619T231341
/vsis3/pepper-dataset/era5-unzipped/2004/2004-12_part2.nc - strd - 20240619T231400
/vsis3/pepper-dataset/era5-unzipped/2004/2004-12_part2.nc - tp - 20240619T231419
==========
